"CellID"	"Plate"	"Well"	"File"	"Type"
"24905_8_1"	"3313"	"A01"	"1"	"50cells HCC23"
"24905_8_2"	"3313"	"A02"	"2"	"25cells HCC23"
"24905_8_3"	"3313"	"A03"	"3"	"HCC23"
"24905_8_4"	"3313"	"A04"	"4"	"HCC23"
"24905_8_5"	"3313"	"A05"	"5"	"HCC23"
"24905_8_6"	"3313"	"A06"	"6"	"HCC23"
"24905_8_7"	"3313"	"A07"	"7"	"HCC23"
"24905_8_8"	"3313"	"A08"	"8"	"HCC23"
"24905_8_9"	"3313"	"A09"	"9"	"HCC24"
"24905_8_10"	"3313"	"A10"	"10"	"HCC24"
"24905_8_11"	"3313"	"A11"	"11"	"HCC24"
"24905_8_12"	"3313"	"A12"	"12"	"HCC24"
"24905_8_13"	"3313"	"A13"	"13"	"HCC24"
"24905_8_14"	"3313"	"A14"	"14"	"HCC24"
"24905_8_15"	"3313"	"A15"	"15"	"HCC24"
"24905_8_16"	"3313"	"A16"	"16"	"HCC24"
"24905_8_17"	"3313"	"A17"	"17"	"CCA5"
"24905_8_18"	"3313"	"A18"	"18"	"CCA5"
"24905_8_19"	"3313"	"A19"	"19"	"CCA5"
"24905_8_20"	"3313"	"A20"	"20"	"CCA5"
"24905_8_21"	"3313"	"A21"	"21"	"CCA5"
"24905_8_22"	"3313"	"A22"	"22"	"CCA5"
"24905_8_23"	"3313"	"A23"	"23"	"CCA5"
"24905_8_24"	"3313"	"A24"	"24"	"CCA5"
"24905_8_25"	"3313"	"B01"	"25"	"50cells HCC24"
"24905_8_26"	"3313"	"B02"	"26"	"25cells HCC24"
"24905_8_27"	"3313"	"B03"	"27"	"HCC23"
"24905_8_28"	"3313"	"B04"	"28"	"HCC23"
"24905_8_29"	"3313"	"B05"	"29"	"HCC23"
"24905_8_30"	"3313"	"B06"	"30"	"HCC23"
"24905_8_31"	"3313"	"B07"	"31"	"HCC23"
"24905_8_32"	"3313"	"B08"	"32"	"HCC23"
"24905_8_33"	"3313"	"B09"	"33"	"HCC24"
"24905_8_34"	"3313"	"B10"	"34"	"HCC24"
"24905_8_35"	"3313"	"B11"	"35"	"HCC24"
"24905_8_36"	"3313"	"B12"	"36"	"HCC24"
"24905_8_37"	"3313"	"B13"	"37"	"HCC24"
"24905_8_38"	"3313"	"B14"	"38"	"HCC24"
"24905_8_39"	"3313"	"B15"	"39"	"HCC24"
"24905_8_40"	"3313"	"B16"	"40"	"HCC24"
"24905_8_41"	"3313"	"B17"	"41"	"CCA5"
"24905_8_42"	"3313"	"B18"	"42"	"CCA5"
"24905_8_43"	"3313"	"B19"	"43"	"CCA5"
"24905_8_44"	"3313"	"B20"	"44"	"CCA5"
"24905_8_45"	"3313"	"B21"	"45"	"CCA5"
"24905_8_46"	"3313"	"B22"	"46"	"CCA5"
"24905_8_47"	"3313"	"B23"	"47"	"CCA5"
"24905_8_48"	"3313"	"B24"	"48"	"CCA5"
"24905_8_49"	"3313"	"C01"	"49"	"50cells CCA5"
"24905_8_50"	"3313"	"C02"	"50"	"25cells CCA5"
"24905_8_51"	"3313"	"C03"	"51"	"HCC23"
"24905_8_52"	"3313"	"C04"	"52"	"HCC23"
"24905_8_53"	"3313"	"C05"	"53"	"HCC23"
"24905_8_54"	"3313"	"C06"	"54"	"HCC23"
"24905_8_55"	"3313"	"C07"	"55"	"HCC23"
"24905_8_56"	"3313"	"C08"	"56"	"HCC23"
"24905_8_57"	"3313"	"C09"	"57"	"HCC24"
"24905_8_58"	"3313"	"C10"	"58"	"HCC24"
"24905_8_59"	"3313"	"C11"	"59"	"HCC24"
"24905_8_60"	"3313"	"C12"	"60"	"HCC24"
"24905_8_61"	"3313"	"C13"	"61"	"HCC24"
"24905_8_62"	"3313"	"C14"	"62"	"HCC24"
"24905_8_63"	"3313"	"C15"	"63"	"HCC24"
"24905_8_64"	"3313"	"C16"	"64"	"HCC24"
"24905_8_65"	"3313"	"C17"	"65"	"CCA5"
"24905_8_66"	"3313"	"C18"	"66"	"CCA5"
"24905_8_67"	"3313"	"C19"	"67"	"CCA5"
"24905_8_68"	"3313"	"C20"	"68"	"CCA5"
"24905_8_69"	"3313"	"C21"	"69"	"CCA5"
"24905_8_70"	"3313"	"C22"	"70"	"CCA5"
"24905_8_71"	"3313"	"C23"	"71"	"CCA5"
"24905_8_72"	"3313"	"C24"	"72"	"CCA5"
"24905_8_73"	"3313"	"D01"	"73"	"HCC23"
"24905_8_74"	"3313"	"D02"	"74"	"HCC23"
"24905_8_75"	"3313"	"D03"	"75"	"HCC23"
"24905_8_76"	"3313"	"D04"	"76"	"HCC23"
"24905_8_77"	"3313"	"D05"	"77"	"HCC23"
"24905_8_78"	"3313"	"D06"	"78"	"HCC23"
"24905_8_79"	"3313"	"D07"	"79"	"HCC23"
"24905_8_80"	"3313"	"D08"	"80"	"HCC23"
"24905_8_81"	"3313"	"D09"	"81"	"HCC24"
"24905_8_82"	"3313"	"D10"	"82"	"HCC24"
"24905_8_83"	"3313"	"D11"	"83"	"HCC24"
"24905_8_84"	"3313"	"D12"	"84"	"HCC24"
"24905_8_85"	"3313"	"D13"	"85"	"HCC24"
"24905_8_86"	"3313"	"D14"	"86"	"HCC24"
"24905_8_87"	"3313"	"D15"	"87"	"HCC24"
"24905_8_88"	"3313"	"D16"	"88"	"HCC24"
"24905_8_89"	"3313"	"D17"	"89"	"CCA5"
"24905_8_90"	"3313"	"D18"	"90"	"CCA5"
"24905_8_91"	"3313"	"D19"	"91"	"CCA5"
"24905_8_92"	"3313"	"D20"	"92"	"CCA5"
"24905_8_93"	"3313"	"D21"	"93"	"CCA5"
"24905_8_94"	"3313"	"D22"	"94"	"CCA5"
"24905_8_95"	"3313"	"D23"	"95"	"CCA5"
"24905_8_96"	"3313"	"D24"	"96"	"CCA5"
"24905_8_97"	"3313"	"E01"	"97"	"HCC23"
"24905_8_98"	"3313"	"E02"	"98"	"HCC23"
"24905_8_99"	"3313"	"E03"	"99"	"HCC23"
"24905_8_100"	"3313"	"E04"	"100"	"HCC23"
"24905_8_101"	"3313"	"E05"	"101"	"HCC23"
"24905_8_102"	"3313"	"E06"	"102"	"HCC23"
"24905_8_103"	"3313"	"E07"	"103"	"HCC23"
"24905_8_104"	"3313"	"E08"	"104"	"HCC23"
"24905_8_105"	"3313"	"E09"	"105"	"HCC24"
"24905_8_106"	"3313"	"E10"	"106"	"HCC24"
"24905_8_107"	"3313"	"E11"	"107"	"HCC24"
"24905_8_108"	"3313"	"E12"	"108"	"HCC24"
"24905_8_109"	"3313"	"E13"	"109"	"HCC24"
"24905_8_110"	"3313"	"E14"	"110"	"HCC24"
"24905_8_111"	"3313"	"E15"	"111"	"HCC24"
"24905_8_112"	"3313"	"E16"	"112"	"HCC24"
"24905_8_113"	"3313"	"E17"	"113"	"CCA5"
"24905_8_114"	"3313"	"E18"	"114"	"CCA5"
"24905_8_115"	"3313"	"E19"	"115"	"CCA5"
"24905_8_116"	"3313"	"E20"	"116"	"CCA5"
"24905_8_117"	"3313"	"E21"	"117"	"CCA5"
"24905_8_118"	"3313"	"E22"	"118"	"CCA5"
"24905_8_119"	"3313"	"E23"	"119"	"CCA5"
"24905_8_120"	"3313"	"E24"	"120"	"CCA5"
"24905_8_121"	"3313"	"F01"	"121"	"HCC23"
"24905_8_122"	"3313"	"F02"	"122"	"HCC23"
"24905_8_123"	"3313"	"F03"	"123"	"HCC23"
"24905_8_124"	"3313"	"F04"	"124"	"HCC23"
"24905_8_125"	"3313"	"F05"	"125"	"HCC23"
"24905_8_126"	"3313"	"F06"	"126"	"HCC23"
"24905_8_127"	"3313"	"F07"	"127"	"HCC23"
"24905_8_128"	"3313"	"F08"	"128"	"HCC23"
"24905_8_129"	"3313"	"F09"	"129"	"HCC24"
"24905_8_130"	"3313"	"F10"	"130"	"HCC24"
"24905_8_131"	"3313"	"F11"	"131"	"HCC24"
"24905_8_132"	"3313"	"F12"	"132"	"HCC24"
"24905_8_133"	"3313"	"F13"	"133"	"HCC24"
"24905_8_134"	"3313"	"F14"	"134"	"HCC24"
"24905_8_135"	"3313"	"F15"	"135"	"HCC24"
"24905_8_136"	"3313"	"F16"	"136"	"HCC24"
"24905_8_137"	"3313"	"F17"	"137"	"CCA5"
"24905_8_138"	"3313"	"F18"	"138"	"CCA5"
"24905_8_139"	"3313"	"F19"	"139"	"CCA5"
"24905_8_140"	"3313"	"F20"	"140"	"CCA5"
"24905_8_141"	"3313"	"F21"	"141"	"CCA5"
"24905_8_142"	"3313"	"F22"	"142"	"CCA5"
"24905_8_143"	"3313"	"F23"	"143"	"CCA5"
"24905_8_144"	"3313"	"F24"	"144"	"CCA5"
"24905_8_145"	"3313"	"G01"	"145"	"HCC23"
"24905_8_146"	"3313"	"G02"	"146"	"HCC23"
"24905_8_147"	"3313"	"G03"	"147"	"HCC23"
"24905_8_148"	"3313"	"G04"	"148"	"HCC23"
"24905_8_149"	"3313"	"G05"	"149"	"HCC23"
"24905_8_150"	"3313"	"G06"	"150"	"HCC23"
"24905_8_151"	"3313"	"G07"	"151"	"HCC23"
"24905_8_152"	"3313"	"G08"	"152"	"HCC23"
"24905_8_153"	"3313"	"G09"	"153"	"HCC24"
"24905_8_154"	"3313"	"G10"	"154"	"HCC24"
"24905_8_155"	"3313"	"G11"	"155"	"HCC24"
"24905_8_156"	"3313"	"G12"	"156"	"HCC24"
"24905_8_157"	"3313"	"G13"	"157"	"HCC24"
"24905_8_158"	"3313"	"G14"	"158"	"HCC24"
"24905_8_159"	"3313"	"G15"	"159"	"HCC24"
"24905_8_160"	"3313"	"G16"	"160"	"HCC24"
"24905_8_161"	"3313"	"G17"	"161"	"CCA5"
"24905_8_162"	"3313"	"G18"	"162"	"CCA5"
"24905_8_163"	"3313"	"G19"	"163"	"CCA5"
"24905_8_164"	"3313"	"G20"	"164"	"CCA5"
"24905_8_165"	"3313"	"G21"	"165"	"CCA5"
"24905_8_166"	"3313"	"G22"	"166"	"CCA5"
"24905_8_167"	"3313"	"G23"	"167"	"CCA5"
"24905_8_168"	"3313"	"G24"	"168"	"CCA5"
"24905_8_169"	"3313"	"H01"	"169"	"HCC23"
"24905_8_170"	"3313"	"H02"	"170"	"HCC23"
"24905_8_171"	"3313"	"H03"	"171"	"HCC23"
"24905_8_172"	"3313"	"H04"	"172"	"HCC23"
"24905_8_173"	"3313"	"H05"	"173"	"HCC23"
"24905_8_174"	"3313"	"H06"	"174"	"HCC23"
"24905_8_175"	"3313"	"H07"	"175"	"HCC23"
"24905_8_176"	"3313"	"H08"	"176"	"HCC23"
"24905_8_177"	"3313"	"H09"	"177"	"HCC24"
"24905_8_178"	"3313"	"H10"	"178"	"HCC24"
"24905_8_179"	"3313"	"H11"	"179"	"HCC24"
"24905_8_180"	"3313"	"H12"	"180"	"HCC24"
"24905_8_181"	"3313"	"H13"	"181"	"HCC24"
"24905_8_182"	"3313"	"H14"	"182"	"HCC24"
"24905_8_183"	"3313"	"H15"	"183"	"HCC24"
"24905_8_184"	"3313"	"H16"	"184"	"HCC24"
"24905_8_185"	"3313"	"H17"	"185"	"CCA5"
"24905_8_186"	"3313"	"H18"	"186"	"CCA5"
"24905_8_187"	"3313"	"H19"	"187"	"CCA5"
"24905_8_188"	"3313"	"H20"	"188"	"CCA5"
"24905_8_189"	"3313"	"H21"	"189"	"CCA5"
"24905_8_190"	"3313"	"H22"	"190"	"CCA5"
"24905_8_191"	"3313"	"H23"	"191"	"CCA5"
"24905_8_192"	"3313"	"H24"	"192"	"CCA5"
"24905_8_193"	"3313"	"I01"	"193"	"HCC23"
"24905_8_194"	"3313"	"I02"	"194"	"HCC23"
"24905_8_195"	"3313"	"I03"	"195"	"HCC23"
"24905_8_196"	"3313"	"I04"	"196"	"HCC23"
"24905_8_197"	"3313"	"I05"	"197"	"HCC23"
"24905_8_198"	"3313"	"I06"	"198"	"HCC23"
"24905_8_199"	"3313"	"I07"	"199"	"HCC23"
"24905_8_200"	"3313"	"I08"	"200"	"HCC23"
"24905_8_201"	"3313"	"I09"	"201"	"HCC24"
"24905_8_202"	"3313"	"I10"	"202"	"HCC24"
"24905_8_203"	"3313"	"I11"	"203"	"HCC24"
"24905_8_204"	"3313"	"I12"	"204"	"HCC24"
"24905_8_205"	"3313"	"I13"	"205"	"HCC24"
"24905_8_206"	"3313"	"I14"	"206"	"HCC24"
"24905_8_207"	"3313"	"I15"	"207"	"HCC24"
"24905_8_208"	"3313"	"I16"	"208"	"HCC24"
"24905_8_209"	"3313"	"I17"	"209"	"CCA5"
"24905_8_210"	"3313"	"I18"	"210"	"CCA5"
"24905_8_211"	"3313"	"I19"	"211"	"CCA5"
"24905_8_212"	"3313"	"I20"	"212"	"CCA5"
"24905_8_213"	"3313"	"I21"	"213"	"CCA5"
"24905_8_214"	"3313"	"I22"	"214"	"CCA5"
"24905_8_215"	"3313"	"I23"	"215"	"CCA5"
"24905_8_216"	"3313"	"I24"	"216"	"CCA5"
"24905_8_217"	"3313"	"J01"	"217"	"HCC23"
"24905_8_218"	"3313"	"J02"	"218"	"HCC23"
"24905_8_219"	"3313"	"J03"	"219"	"HCC23"
"24905_8_220"	"3313"	"J04"	"220"	"HCC23"
"24905_8_221"	"3313"	"J05"	"221"	"HCC23"
"24905_8_222"	"3313"	"J06"	"222"	"HCC23"
"24905_8_223"	"3313"	"J07"	"223"	"HCC23"
"24905_8_224"	"3313"	"J08"	"224"	"HCC23"
"24905_8_225"	"3313"	"J09"	"225"	"HCC24"
"24905_8_226"	"3313"	"J10"	"226"	"HCC24"
"24905_8_227"	"3313"	"J11"	"227"	"HCC24"
"24905_8_228"	"3313"	"J12"	"228"	"HCC24"
"24905_8_229"	"3313"	"J13"	"229"	"HCC24"
"24905_8_230"	"3313"	"J14"	"230"	"HCC24"
"24905_8_231"	"3313"	"J15"	"231"	"HCC24"
"24905_8_232"	"3313"	"J16"	"232"	"HCC24"
"24905_8_233"	"3313"	"J17"	"233"	"CCA5"
"24905_8_234"	"3313"	"J18"	"234"	"CCA5"
"24905_8_235"	"3313"	"J19"	"235"	"CCA5"
"24905_8_236"	"3313"	"J20"	"236"	"CCA5"
"24905_8_237"	"3313"	"J21"	"237"	"CCA5"
"24905_8_238"	"3313"	"J22"	"238"	"CCA5"
"24905_8_239"	"3313"	"J23"	"239"	"CCA5"
"24905_8_240"	"3313"	"J24"	"240"	"CCA5"
"24905_8_241"	"3313"	"K01"	"241"	"HCC23"
"24905_8_242"	"3313"	"K02"	"242"	"HCC23"
"24905_8_243"	"3313"	"K03"	"243"	"HCC23"
"24905_8_244"	"3313"	"K04"	"244"	"HCC23"
"24905_8_245"	"3313"	"K05"	"245"	"HCC23"
"24905_8_246"	"3313"	"K06"	"246"	"HCC23"
"24905_8_247"	"3313"	"K07"	"247"	"HCC23"
"24905_8_248"	"3313"	"K08"	"248"	"HCC23"
"24905_8_249"	"3313"	"K09"	"249"	"HCC24"
"24905_8_250"	"3313"	"K10"	"250"	"HCC24"
"24905_8_251"	"3313"	"K11"	"251"	"HCC24"
"24905_8_252"	"3313"	"K12"	"252"	"HCC24"
"24905_8_253"	"3313"	"K13"	"253"	"HCC24"
"24905_8_254"	"3313"	"K14"	"254"	"HCC24"
"24905_8_255"	"3313"	"K15"	"255"	"HCC24"
"24905_8_256"	"3313"	"K16"	"256"	"HCC24"
"24905_8_257"	"3313"	"K17"	"257"	"CCA5"
"24905_8_258"	"3313"	"K18"	"258"	"CCA5"
"24905_8_259"	"3313"	"K19"	"259"	"CCA5"
"24905_8_260"	"3313"	"K20"	"260"	"CCA5"
"24905_8_261"	"3313"	"K21"	"261"	"CCA5"
"24905_8_262"	"3313"	"K22"	"262"	"CCA5"
"24905_8_263"	"3313"	"K23"	"263"	"CCA5"
"24905_8_264"	"3313"	"K24"	"264"	"CCA5"
"24905_8_265"	"3313"	"L01"	"265"	"HCC23"
"24905_8_266"	"3313"	"L02"	"266"	"HCC23"
"24905_8_267"	"3313"	"L03"	"267"	"HCC23"
"24905_8_268"	"3313"	"L04"	"268"	"HCC23"
"24905_8_269"	"3313"	"L05"	"269"	"HCC23"
"24905_8_270"	"3313"	"L06"	"270"	"HCC23"
"24905_8_271"	"3313"	"L07"	"271"	"HCC23"
"24905_8_272"	"3313"	"L08"	"272"	"HCC23"
"24905_8_273"	"3313"	"L09"	"273"	"HCC24"
"24905_8_274"	"3313"	"L10"	"274"	"HCC24"
"24905_8_275"	"3313"	"L11"	"275"	"HCC24"
"24905_8_276"	"3313"	"L12"	"276"	"HCC24"
"24905_8_277"	"3313"	"L13"	"277"	"HCC24"
"24905_8_278"	"3313"	"L14"	"278"	"HCC24"
"24905_8_279"	"3313"	"L15"	"279"	"HCC24"
"24905_8_280"	"3313"	"L16"	"280"	"HCC24"
"24905_8_281"	"3313"	"L17"	"281"	"CCA5"
"24905_8_282"	"3313"	"L18"	"282"	"CCA5"
"24905_8_283"	"3313"	"L19"	"283"	"CCA5"
"24905_8_284"	"3313"	"L20"	"284"	"CCA5"
"24905_8_285"	"3313"	"L21"	"285"	"CCA5"
"24905_8_286"	"3313"	"L22"	"286"	"CCA5"
"24905_8_287"	"3313"	"L23"	"287"	"CCA5"
"24905_8_288"	"3313"	"L24"	"288"	"CCA5"
"24905_8_289"	"3313"	"M01"	"289"	"HCC23"
"24905_8_290"	"3313"	"M02"	"290"	"HCC23"
"24905_8_291"	"3313"	"M03"	"291"	"HCC23"
"24905_8_292"	"3313"	"M04"	"292"	"HCC23"
"24905_8_293"	"3313"	"M05"	"293"	"HCC23"
"24905_8_294"	"3313"	"M06"	"294"	"HCC23"
"24905_8_295"	"3313"	"M07"	"295"	"HCC23"
"24905_8_296"	"3313"	"M08"	"296"	"HCC23"
"24905_8_297"	"3313"	"M09"	"297"	"HCC24"
"24905_8_298"	"3313"	"M10"	"298"	"HCC24"
"24905_8_299"	"3313"	"M11"	"299"	"HCC24"
"24905_8_300"	"3313"	"M12"	"300"	"HCC24"
"24905_8_301"	"3313"	"M13"	"301"	"HCC24"
"24905_8_302"	"3313"	"M14"	"302"	"HCC24"
"24905_8_303"	"3313"	"M15"	"303"	"HCC24"
"24905_8_304"	"3313"	"M16"	"304"	"HCC24"
"24905_8_305"	"3313"	"M17"	"305"	"CCA5"
"24905_8_306"	"3313"	"M18"	"306"	"CCA5"
"24905_8_307"	"3313"	"M19"	"307"	"CCA5"
"24905_8_308"	"3313"	"M20"	"308"	"CCA5"
"24905_8_309"	"3313"	"M21"	"309"	"CCA5"
"24905_8_310"	"3313"	"M22"	"310"	"CCA5"
"24905_8_311"	"3313"	"M23"	"311"	"CCA5"
"24905_8_312"	"3313"	"M24"	"312"	"CCA5"
"24905_8_313"	"3313"	"N01"	"313"	"HCC23"
"24905_8_314"	"3313"	"N02"	"314"	"HCC23"
"24905_8_315"	"3313"	"N03"	"315"	"HCC23"
"24905_8_316"	"3313"	"N04"	"316"	"HCC23"
"24905_8_317"	"3313"	"N05"	"317"	"HCC23"
"24905_8_318"	"3313"	"N06"	"318"	"HCC23"
"24905_8_319"	"3313"	"N07"	"319"	"HCC23"
"24905_8_320"	"3313"	"N08"	"320"	"HCC23"
"24905_8_321"	"3313"	"N09"	"321"	"HCC24"
"24905_8_322"	"3313"	"N10"	"322"	"HCC24"
"24905_8_323"	"3313"	"N11"	"323"	"HCC24"
"24905_8_324"	"3313"	"N12"	"324"	"HCC24"
"24905_8_325"	"3313"	"N13"	"325"	"HCC24"
"24905_8_326"	"3313"	"N14"	"326"	"HCC24"
"24905_8_327"	"3313"	"N15"	"327"	"HCC24"
"24905_8_328"	"3313"	"N16"	"328"	"HCC24"
"24905_8_329"	"3313"	"N17"	"329"	"CCA5"
"24905_8_330"	"3313"	"N18"	"330"	"CCA5"
"24905_8_331"	"3313"	"N19"	"331"	"CCA5"
"24905_8_332"	"3313"	"N20"	"332"	"CCA5"
"24905_8_333"	"3313"	"N21"	"333"	"CCA5"
"24905_8_334"	"3313"	"N22"	"334"	"CCA5"
"24905_8_335"	"3313"	"N23"	"335"	"CCA5"
"24905_8_336"	"3313"	"N24"	"336"	"CCA5"
"24905_8_337"	"3313"	"O01"	"337"	"HCC23"
"24905_8_338"	"3313"	"O02"	"338"	"HCC23"
"24905_8_339"	"3313"	"O03"	"339"	"HCC23"
"24905_8_340"	"3313"	"O04"	"340"	"HCC23"
"24905_8_341"	"3313"	"O05"	"341"	"HCC23"
"24905_8_342"	"3313"	"O06"	"342"	"HCC23"
"24905_8_343"	"3313"	"O07"	"343"	"HCC23"
"24905_8_344"	"3313"	"O08"	"344"	"HCC23"
"24905_8_345"	"3313"	"O09"	"345"	"HCC24"
"24905_8_346"	"3313"	"O10"	"346"	"HCC24"
"24905_8_347"	"3313"	"O11"	"347"	"HCC24"
"24905_8_348"	"3313"	"O12"	"348"	"HCC24"
"24905_8_349"	"3313"	"O13"	"349"	"HCC24"
"24905_8_350"	"3313"	"O14"	"350"	"HCC24"
"24905_8_351"	"3313"	"O15"	"351"	"HCC24"
"24905_8_352"	"3313"	"O16"	"352"	"HCC24"
"24905_8_353"	"3313"	"O17"	"353"	"CCA5"
"24905_8_354"	"3313"	"O18"	"354"	"CCA5"
"24905_8_355"	"3313"	"O19"	"355"	"CCA5"
"24905_8_356"	"3313"	"O20"	"356"	"CCA5"
"24905_8_357"	"3313"	"O21"	"357"	"CCA5"
"24905_8_358"	"3313"	"O22"	"358"	"CCA5"
"24905_8_359"	"3313"	"O23"	"359"	"CCA5"
"24905_8_360"	"3313"	"O24"	"360"	"CCA5"
"24905_8_361"	"3313"	"P01"	"361"	"HCC23"
"24905_8_362"	"3313"	"P02"	"362"	"HCC23"
"24905_8_363"	"3313"	"P03"	"363"	"HCC23"
"24905_8_364"	"3313"	"P04"	"364"	"HCC23"
"24905_8_365"	"3313"	"P05"	"365"	"HCC23"
"24905_8_366"	"3313"	"P06"	"366"	"HCC23"
"24905_8_367"	"3313"	"P07"	"367"	"HCC23"
"24905_8_368"	"3313"	"P08"	"368"	"HCC23"
"24905_8_369"	"3313"	"P09"	"369"	"HCC24"
"24905_8_370"	"3313"	"P10"	"370"	"HCC24"
"24905_8_371"	"3313"	"P11"	"371"	"HCC24"
"24905_8_372"	"3313"	"P12"	"372"	"HCC24"
"24905_8_373"	"3313"	"P13"	"373"	"HCC24"
"24905_8_374"	"3313"	"P14"	"374"	"HCC24"
"24905_8_375"	"3313"	"P15"	"375"	"HCC24"
"24905_8_376"	"3313"	"P16"	"376"	"HCC24"
"24905_8_377"	"3313"	"P17"	"377"	"CCA5"
"24905_8_378"	"3313"	"P18"	"378"	"CCA5"
"24905_8_379"	"3313"	"P19"	"379"	"CCA5"
"24905_8_380"	"3313"	"P20"	"380"	"CCA5"
"24905_8_381"	"3313"	"P21"	"381"	"no cells"
"24905_8_382"	"3313"	"P22"	"382"	"no cells"
"24905_8_383"	"3313"	"P23"	"383"	"no cells"
"24905_8_384"	"3313"	"P24"	"384"	"no cells"
"25014_5_1"	"3316"	"A01"	"1"	"50cells HCC23"
"25014_5_2"	"3316"	"A02"	"2"	"25cells HCC23"
"25014_5_3"	"3316"	"A03"	"3"	"CCA5"
"25014_5_4"	"3316"	"A04"	"4"	"CCA5"
"25014_5_5"	"3316"	"A05"	"5"	"CCA5"
"25014_5_6"	"3316"	"A06"	"6"	"CCA5"
"25014_5_7"	"3316"	"A07"	"7"	"CCA5"
"25014_5_8"	"3316"	"A08"	"8"	"CCA5"
"25014_5_9"	"3316"	"A09"	"9"	"HCC23"
"25014_5_10"	"3316"	"A10"	"10"	"HCC23"
"25014_5_11"	"3316"	"A11"	"11"	"HCC23"
"25014_5_12"	"3316"	"A12"	"12"	"HCC23"
"25014_5_13"	"3316"	"A13"	"13"	"HCC23"
"25014_5_14"	"3316"	"A14"	"14"	"HCC23"
"25014_5_15"	"3316"	"A15"	"15"	"HCC23"
"25014_5_16"	"3316"	"A16"	"16"	"HCC23"
"25014_5_17"	"3316"	"A17"	"17"	"HCC24"
"25014_5_18"	"3316"	"A18"	"18"	"HCC24"
"25014_5_19"	"3316"	"A19"	"19"	"HCC24"
"25014_5_20"	"3316"	"A20"	"20"	"HCC24"
"25014_5_21"	"3316"	"A21"	"21"	"HCC24"
"25014_5_22"	"3316"	"A22"	"22"	"HCC24"
"25014_5_23"	"3316"	"A23"	"23"	"HCC24"
"25014_5_24"	"3316"	"A24"	"24"	"HCC24"
"25014_5_25"	"3316"	"B01"	"25"	"50cells HCC24"
"25014_5_26"	"3316"	"B02"	"26"	"25cells HCC24"
"25014_5_27"	"3316"	"B03"	"27"	"CCA5"
"25014_5_28"	"3316"	"B04"	"28"	"CCA5"
"25014_5_29"	"3316"	"B05"	"29"	"CCA5"
"25014_5_30"	"3316"	"B06"	"30"	"CCA5"
"25014_5_31"	"3316"	"B07"	"31"	"CCA5"
"25014_5_32"	"3316"	"B08"	"32"	"CCA5"
"25014_5_33"	"3316"	"B09"	"33"	"HCC23"
"25014_5_34"	"3316"	"B10"	"34"	"HCC23"
"25014_5_35"	"3316"	"B11"	"35"	"HCC23"
"25014_5_36"	"3316"	"B12"	"36"	"HCC23"
"25014_5_37"	"3316"	"B13"	"37"	"HCC23"
"25014_5_38"	"3316"	"B14"	"38"	"HCC23"
"25014_5_39"	"3316"	"B15"	"39"	"HCC23"
"25014_5_40"	"3316"	"B16"	"40"	"HCC23"
"25014_5_41"	"3316"	"B17"	"41"	"HCC24"
"25014_5_42"	"3316"	"B18"	"42"	"HCC24"
"25014_5_43"	"3316"	"B19"	"43"	"HCC24"
"25014_5_44"	"3316"	"B20"	"44"	"HCC24"
"25014_5_45"	"3316"	"B21"	"45"	"HCC24"
"25014_5_46"	"3316"	"B22"	"46"	"HCC24"
"25014_5_47"	"3316"	"B23"	"47"	"HCC24"
"25014_5_48"	"3316"	"B24"	"48"	"HCC24"
"25014_5_49"	"3316"	"C01"	"49"	"50cells CCA5"
"25014_5_50"	"3316"	"C02"	"50"	"25cells CCA5"
"25014_5_51"	"3316"	"C03"	"51"	"CCA5"
"25014_5_52"	"3316"	"C04"	"52"	"CCA5"
"25014_5_53"	"3316"	"C05"	"53"	"CCA5"
"25014_5_54"	"3316"	"C06"	"54"	"CCA5"
"25014_5_55"	"3316"	"C07"	"55"	"CCA5"
"25014_5_56"	"3316"	"C08"	"56"	"CCA5"
"25014_5_57"	"3316"	"C09"	"57"	"HCC23"
"25014_5_58"	"3316"	"C10"	"58"	"HCC23"
"25014_5_59"	"3316"	"C11"	"59"	"HCC23"
"25014_5_60"	"3316"	"C12"	"60"	"HCC23"
"25014_5_61"	"3316"	"C13"	"61"	"HCC23"
"25014_5_62"	"3316"	"C14"	"62"	"HCC23"
"25014_5_63"	"3316"	"C15"	"63"	"HCC23"
"25014_5_64"	"3316"	"C16"	"64"	"HCC23"
"25014_5_65"	"3316"	"C17"	"65"	"HCC24"
"25014_5_66"	"3316"	"C18"	"66"	"HCC24"
"25014_5_67"	"3316"	"C19"	"67"	"HCC24"
"25014_5_68"	"3316"	"C20"	"68"	"HCC24"
"25014_5_69"	"3316"	"C21"	"69"	"HCC24"
"25014_5_70"	"3316"	"C22"	"70"	"HCC24"
"25014_5_71"	"3316"	"C23"	"71"	"HCC24"
"25014_5_72"	"3316"	"C24"	"72"	"HCC24"
"25014_5_73"	"3316"	"D01"	"73"	"CCA5"
"25014_5_74"	"3316"	"D02"	"74"	"CCA5"
"25014_5_75"	"3316"	"D03"	"75"	"CCA5"
"25014_5_76"	"3316"	"D04"	"76"	"CCA5"
"25014_5_77"	"3316"	"D05"	"77"	"CCA5"
"25014_5_78"	"3316"	"D06"	"78"	"CCA5"
"25014_5_79"	"3316"	"D07"	"79"	"CCA5"
"25014_5_80"	"3316"	"D08"	"80"	"CCA5"
"25014_5_81"	"3316"	"D09"	"81"	"HCC23"
"25014_5_82"	"3316"	"D10"	"82"	"HCC23"
"25014_5_83"	"3316"	"D11"	"83"	"HCC23"
"25014_5_84"	"3316"	"D12"	"84"	"HCC23"
"25014_5_85"	"3316"	"D13"	"85"	"HCC23"
"25014_5_86"	"3316"	"D14"	"86"	"HCC23"
"25014_5_87"	"3316"	"D15"	"87"	"HCC23"
"25014_5_88"	"3316"	"D16"	"88"	"HCC23"
"25014_5_89"	"3316"	"D17"	"89"	"HCC24"
"25014_5_90"	"3316"	"D18"	"90"	"HCC24"
"25014_5_91"	"3316"	"D19"	"91"	"HCC24"
"25014_5_92"	"3316"	"D20"	"92"	"HCC24"
"25014_5_93"	"3316"	"D21"	"93"	"HCC24"
"25014_5_94"	"3316"	"D22"	"94"	"HCC24"
"25014_5_95"	"3316"	"D23"	"95"	"HCC24"
"25014_5_96"	"3316"	"D24"	"96"	"HCC24"
"25014_5_97"	"3316"	"E01"	"97"	"CCA5"
"25014_5_98"	"3316"	"E02"	"98"	"CCA5"
"25014_5_99"	"3316"	"E03"	"99"	"CCA5"
"25014_5_100"	"3316"	"E04"	"100"	"CCA5"
"25014_5_101"	"3316"	"E05"	"101"	"CCA5"
"25014_5_102"	"3316"	"E06"	"102"	"CCA5"
"25014_5_103"	"3316"	"E07"	"103"	"CCA5"
"25014_5_104"	"3316"	"E08"	"104"	"CCA5"
"25014_5_105"	"3316"	"E09"	"105"	"HCC23"
"25014_5_106"	"3316"	"E10"	"106"	"HCC23"
"25014_5_107"	"3316"	"E11"	"107"	"HCC23"
"25014_5_108"	"3316"	"E12"	"108"	"HCC23"
"25014_5_109"	"3316"	"E13"	"109"	"HCC23"
"25014_5_110"	"3316"	"E14"	"110"	"HCC23"
"25014_5_111"	"3316"	"E15"	"111"	"HCC23"
"25014_5_112"	"3316"	"E16"	"112"	"HCC23"
"25014_5_113"	"3316"	"E17"	"113"	"HCC24"
"25014_5_114"	"3316"	"E18"	"114"	"HCC24"
"25014_5_115"	"3316"	"E19"	"115"	"HCC24"
"25014_5_116"	"3316"	"E20"	"116"	"HCC24"
"25014_5_117"	"3316"	"E21"	"117"	"HCC24"
"25014_5_118"	"3316"	"E22"	"118"	"HCC24"
"25014_5_119"	"3316"	"E23"	"119"	"HCC24"
"25014_5_120"	"3316"	"E24"	"120"	"HCC24"
"25014_5_121"	"3316"	"F01"	"121"	"CCA5"
"25014_5_122"	"3316"	"F02"	"122"	"CCA5"
"25014_5_123"	"3316"	"F03"	"123"	"CCA5"
"25014_5_124"	"3316"	"F04"	"124"	"CCA5"
"25014_5_125"	"3316"	"F05"	"125"	"CCA5"
"25014_5_126"	"3316"	"F06"	"126"	"CCA5"
"25014_5_127"	"3316"	"F07"	"127"	"CCA5"
"25014_5_128"	"3316"	"F08"	"128"	"CCA5"
"25014_5_129"	"3316"	"F09"	"129"	"HCC23"
"25014_5_130"	"3316"	"F10"	"130"	"HCC23"
"25014_5_131"	"3316"	"F11"	"131"	"HCC23"
"25014_5_132"	"3316"	"F12"	"132"	"HCC23"
"25014_5_133"	"3316"	"F13"	"133"	"HCC23"
"25014_5_134"	"3316"	"F14"	"134"	"HCC23"
"25014_5_135"	"3316"	"F15"	"135"	"HCC23"
"25014_5_136"	"3316"	"F16"	"136"	"HCC23"
"25014_5_137"	"3316"	"F17"	"137"	"HCC24"
"25014_5_138"	"3316"	"F18"	"138"	"HCC24"
"25014_5_139"	"3316"	"F19"	"139"	"HCC24"
"25014_5_140"	"3316"	"F20"	"140"	"HCC24"
"25014_5_141"	"3316"	"F21"	"141"	"HCC24"
"25014_5_142"	"3316"	"F22"	"142"	"HCC24"
"25014_5_143"	"3316"	"F23"	"143"	"HCC24"
"25014_5_144"	"3316"	"F24"	"144"	"HCC24"
"25014_5_145"	"3316"	"G01"	"145"	"CCA5"
"25014_5_146"	"3316"	"G02"	"146"	"CCA5"
"25014_5_147"	"3316"	"G03"	"147"	"CCA5"
"25014_5_148"	"3316"	"G04"	"148"	"CCA5"
"25014_5_149"	"3316"	"G05"	"149"	"CCA5"
"25014_5_150"	"3316"	"G06"	"150"	"CCA5"
"25014_5_151"	"3316"	"G07"	"151"	"CCA5"
"25014_5_152"	"3316"	"G08"	"152"	"CCA5"
"25014_5_153"	"3316"	"G09"	"153"	"HCC23"
"25014_5_154"	"3316"	"G10"	"154"	"HCC23"
"25014_5_155"	"3316"	"G11"	"155"	"HCC23"
"25014_5_156"	"3316"	"G12"	"156"	"HCC23"
"25014_5_157"	"3316"	"G13"	"157"	"HCC23"
"25014_5_158"	"3316"	"G14"	"158"	"HCC23"
"25014_5_159"	"3316"	"G15"	"159"	"HCC23"
"25014_5_160"	"3316"	"G16"	"160"	"HCC23"
"25014_5_161"	"3316"	"G17"	"161"	"HCC24"
"25014_5_162"	"3316"	"G18"	"162"	"HCC24"
"25014_5_163"	"3316"	"G19"	"163"	"HCC24"
"25014_5_164"	"3316"	"G20"	"164"	"HCC24"
"25014_5_165"	"3316"	"G21"	"165"	"HCC24"
"25014_5_166"	"3316"	"G22"	"166"	"HCC24"
"25014_5_167"	"3316"	"G23"	"167"	"HCC24"
"25014_5_168"	"3316"	"G24"	"168"	"HCC24"
"25014_5_169"	"3316"	"H01"	"169"	"CCA5"
"25014_5_170"	"3316"	"H02"	"170"	"CCA5"
"25014_5_171"	"3316"	"H03"	"171"	"CCA5"
"25014_5_172"	"3316"	"H04"	"172"	"CCA5"
"25014_5_173"	"3316"	"H05"	"173"	"CCA5"
"25014_5_174"	"3316"	"H06"	"174"	"CCA5"
"25014_5_175"	"3316"	"H07"	"175"	"CCA5"
"25014_5_176"	"3316"	"H08"	"176"	"CCA5"
"25014_5_177"	"3316"	"H09"	"177"	"HCC23"
"25014_5_178"	"3316"	"H10"	"178"	"HCC23"
"25014_5_179"	"3316"	"H11"	"179"	"HCC23"
"25014_5_180"	"3316"	"H12"	"180"	"HCC23"
"25014_5_181"	"3316"	"H13"	"181"	"HCC23"
"25014_5_182"	"3316"	"H14"	"182"	"HCC23"
"25014_5_183"	"3316"	"H15"	"183"	"HCC23"
"25014_5_184"	"3316"	"H16"	"184"	"HCC23"
"25014_5_185"	"3316"	"H17"	"185"	"HCC24"
"25014_5_186"	"3316"	"H18"	"186"	"HCC24"
"25014_5_187"	"3316"	"H19"	"187"	"HCC24"
"25014_5_188"	"3316"	"H20"	"188"	"HCC24"
"25014_5_189"	"3316"	"H21"	"189"	"HCC24"
"25014_5_190"	"3316"	"H22"	"190"	"HCC24"
"25014_5_191"	"3316"	"H23"	"191"	"HCC24"
"25014_5_192"	"3316"	"H24"	"192"	"HCC24"
"25014_5_193"	"3316"	"I01"	"193"	"CCA5"
"25014_5_194"	"3316"	"I02"	"194"	"CCA5"
"25014_5_195"	"3316"	"I03"	"195"	"CCA5"
"25014_5_196"	"3316"	"I04"	"196"	"CCA5"
"25014_5_197"	"3316"	"I05"	"197"	"CCA5"
"25014_5_198"	"3316"	"I06"	"198"	"CCA5"
"25014_5_199"	"3316"	"I07"	"199"	"CCA5"
"25014_5_200"	"3316"	"I08"	"200"	"CCA5"
"25014_5_201"	"3316"	"I09"	"201"	"HCC23"
"25014_5_202"	"3316"	"I10"	"202"	"HCC23"
"25014_5_203"	"3316"	"I11"	"203"	"HCC23"
"25014_5_204"	"3316"	"I12"	"204"	"HCC23"
"25014_5_205"	"3316"	"I13"	"205"	"HCC23"
"25014_5_206"	"3316"	"I14"	"206"	"HCC23"
"25014_5_207"	"3316"	"I15"	"207"	"HCC23"
"25014_5_208"	"3316"	"I16"	"208"	"HCC23"
"25014_5_209"	"3316"	"I17"	"209"	"HCC24"
"25014_5_210"	"3316"	"I18"	"210"	"HCC24"
"25014_5_211"	"3316"	"I19"	"211"	"HCC24"
"25014_5_212"	"3316"	"I20"	"212"	"HCC24"
"25014_5_213"	"3316"	"I21"	"213"	"HCC24"
"25014_5_214"	"3316"	"I22"	"214"	"HCC24"
"25014_5_215"	"3316"	"I23"	"215"	"HCC24"
"25014_5_216"	"3316"	"I24"	"216"	"HCC24"
"25014_5_217"	"3316"	"J01"	"217"	"CCA5"
"25014_5_218"	"3316"	"J02"	"218"	"CCA5"
"25014_5_219"	"3316"	"J03"	"219"	"CCA5"
"25014_5_220"	"3316"	"J04"	"220"	"CCA5"
"25014_5_221"	"3316"	"J05"	"221"	"CCA5"
"25014_5_222"	"3316"	"J06"	"222"	"CCA5"
"25014_5_223"	"3316"	"J07"	"223"	"CCA5"
"25014_5_224"	"3316"	"J08"	"224"	"CCA5"
"25014_5_225"	"3316"	"J09"	"225"	"HCC23"
"25014_5_226"	"3316"	"J10"	"226"	"HCC23"
"25014_5_227"	"3316"	"J11"	"227"	"HCC23"
"25014_5_228"	"3316"	"J12"	"228"	"HCC23"
"25014_5_229"	"3316"	"J13"	"229"	"HCC23"
"25014_5_230"	"3316"	"J14"	"230"	"HCC23"
"25014_5_231"	"3316"	"J15"	"231"	"HCC23"
"25014_5_232"	"3316"	"J16"	"232"	"HCC23"
"25014_5_233"	"3316"	"J17"	"233"	"HCC24"
"25014_5_234"	"3316"	"J18"	"234"	"HCC24"
"25014_5_235"	"3316"	"J19"	"235"	"HCC24"
"25014_5_236"	"3316"	"J20"	"236"	"HCC24"
"25014_5_237"	"3316"	"J21"	"237"	"HCC24"
"25014_5_238"	"3316"	"J22"	"238"	"HCC24"
"25014_5_239"	"3316"	"J23"	"239"	"HCC24"
"25014_5_240"	"3316"	"J24"	"240"	"HCC24"
"25014_5_241"	"3316"	"K01"	"241"	"CCA5"
"25014_5_242"	"3316"	"K02"	"242"	"CCA5"
"25014_5_243"	"3316"	"K03"	"243"	"CCA5"
"25014_5_244"	"3316"	"K04"	"244"	"CCA5"
"25014_5_245"	"3316"	"K05"	"245"	"CCA5"
"25014_5_246"	"3316"	"K06"	"246"	"CCA5"
"25014_5_247"	"3316"	"K07"	"247"	"CCA5"
"25014_5_248"	"3316"	"K08"	"248"	"CCA5"
"25014_5_249"	"3316"	"K09"	"249"	"HCC23"
"25014_5_250"	"3316"	"K10"	"250"	"HCC23"
"25014_5_251"	"3316"	"K11"	"251"	"HCC23"
"25014_5_252"	"3316"	"K12"	"252"	"HCC23"
"25014_5_253"	"3316"	"K13"	"253"	"HCC23"
"25014_5_254"	"3316"	"K14"	"254"	"HCC23"
"25014_5_255"	"3316"	"K15"	"255"	"HCC23"
"25014_5_256"	"3316"	"K16"	"256"	"HCC23"
"25014_5_257"	"3316"	"K17"	"257"	"HCC24"
"25014_5_258"	"3316"	"K18"	"258"	"HCC24"
"25014_5_259"	"3316"	"K19"	"259"	"HCC24"
"25014_5_260"	"3316"	"K20"	"260"	"HCC24"
"25014_5_261"	"3316"	"K21"	"261"	"HCC24"
"25014_5_262"	"3316"	"K22"	"262"	"HCC24"
"25014_5_263"	"3316"	"K23"	"263"	"HCC24"
"25014_5_264"	"3316"	"K24"	"264"	"HCC24"
"25014_5_265"	"3316"	"L01"	"265"	"CCA5"
"25014_5_266"	"3316"	"L02"	"266"	"CCA5"
"25014_5_267"	"3316"	"L03"	"267"	"CCA5"
"25014_5_268"	"3316"	"L04"	"268"	"CCA5"
"25014_5_269"	"3316"	"L05"	"269"	"CCA5"
"25014_5_270"	"3316"	"L06"	"270"	"CCA5"
"25014_5_271"	"3316"	"L07"	"271"	"CCA5"
"25014_5_272"	"3316"	"L08"	"272"	"CCA5"
"25014_5_273"	"3316"	"L09"	"273"	"HCC23"
"25014_5_274"	"3316"	"L10"	"274"	"HCC23"
"25014_5_275"	"3316"	"L11"	"275"	"HCC23"
"25014_5_276"	"3316"	"L12"	"276"	"HCC23"
"25014_5_277"	"3316"	"L13"	"277"	"HCC23"
"25014_5_278"	"3316"	"L14"	"278"	"HCC23"
"25014_5_279"	"3316"	"L15"	"279"	"HCC23"
"25014_5_280"	"3316"	"L16"	"280"	"HCC23"
"25014_5_281"	"3316"	"L17"	"281"	"HCC24"
"25014_5_282"	"3316"	"L18"	"282"	"HCC24"
"25014_5_283"	"3316"	"L19"	"283"	"HCC24"
"25014_5_284"	"3316"	"L20"	"284"	"HCC24"
"25014_5_285"	"3316"	"L21"	"285"	"HCC24"
"25014_5_286"	"3316"	"L22"	"286"	"HCC24"
"25014_5_287"	"3316"	"L23"	"287"	"HCC24"
"25014_5_288"	"3316"	"L24"	"288"	"HCC24"
"25014_5_289"	"3316"	"M01"	"289"	"CCA5"
"25014_5_290"	"3316"	"M02"	"290"	"CCA5"
"25014_5_291"	"3316"	"M03"	"291"	"CCA5"
"25014_5_292"	"3316"	"M04"	"292"	"CCA5"
"25014_5_293"	"3316"	"M05"	"293"	"CCA5"
"25014_5_294"	"3316"	"M06"	"294"	"CCA5"
"25014_5_295"	"3316"	"M07"	"295"	"CCA5"
"25014_5_296"	"3316"	"M08"	"296"	"CCA5"
"25014_5_297"	"3316"	"M09"	"297"	"HCC23"
"25014_5_298"	"3316"	"M10"	"298"	"HCC23"
"25014_5_299"	"3316"	"M11"	"299"	"HCC23"
"25014_5_300"	"3316"	"M12"	"300"	"HCC23"
"25014_5_301"	"3316"	"M13"	"301"	"HCC23"
"25014_5_302"	"3316"	"M14"	"302"	"HCC23"
"25014_5_303"	"3316"	"M15"	"303"	"HCC23"
"25014_5_304"	"3316"	"M16"	"304"	"HCC23"
"25014_5_305"	"3316"	"M17"	"305"	"HCC24"
"25014_5_306"	"3316"	"M18"	"306"	"HCC24"
"25014_5_307"	"3316"	"M19"	"307"	"HCC24"
"25014_5_308"	"3316"	"M20"	"308"	"HCC24"
"25014_5_309"	"3316"	"M21"	"309"	"HCC24"
"25014_5_310"	"3316"	"M22"	"310"	"HCC24"
"25014_5_311"	"3316"	"M23"	"311"	"HCC24"
"25014_5_312"	"3316"	"M24"	"312"	"HCC24"
"25014_5_313"	"3316"	"N01"	"313"	"CCA5"
"25014_5_314"	"3316"	"N02"	"314"	"CCA5"
"25014_5_315"	"3316"	"N03"	"315"	"CCA5"
"25014_5_316"	"3316"	"N04"	"316"	"CCA5"
"25014_5_317"	"3316"	"N05"	"317"	"CCA5"
"25014_5_318"	"3316"	"N06"	"318"	"CCA5"
"25014_5_319"	"3316"	"N07"	"319"	"CCA5"
"25014_5_320"	"3316"	"N08"	"320"	"CCA5"
"25014_5_321"	"3316"	"N09"	"321"	"HCC23"
"25014_5_322"	"3316"	"N10"	"322"	"HCC23"
"25014_5_323"	"3316"	"N11"	"323"	"HCC23"
"25014_5_324"	"3316"	"N12"	"324"	"HCC23"
"25014_5_325"	"3316"	"N13"	"325"	"HCC23"
"25014_5_326"	"3316"	"N14"	"326"	"HCC23"
"25014_5_327"	"3316"	"N15"	"327"	"HCC23"
"25014_5_328"	"3316"	"N16"	"328"	"HCC23"
"25014_5_329"	"3316"	"N17"	"329"	"HCC24"
"25014_5_330"	"3316"	"N18"	"330"	"HCC24"
"25014_5_331"	"3316"	"N19"	"331"	"HCC24"
"25014_5_332"	"3316"	"N20"	"332"	"HCC24"
"25014_5_333"	"3316"	"N21"	"333"	"HCC24"
"25014_5_334"	"3316"	"N22"	"334"	"HCC24"
"25014_5_335"	"3316"	"N23"	"335"	"HCC24"
"25014_5_336"	"3316"	"N24"	"336"	"HCC24"
"25014_5_337"	"3316"	"O01"	"337"	"CCA5"
"25014_5_338"	"3316"	"O02"	"338"	"CCA5"
"25014_5_339"	"3316"	"O03"	"339"	"CCA5"
"25014_5_340"	"3316"	"O04"	"340"	"CCA5"
"25014_5_341"	"3316"	"O05"	"341"	"CCA5"
"25014_5_342"	"3316"	"O06"	"342"	"CCA5"
"25014_5_343"	"3316"	"O07"	"343"	"CCA5"
"25014_5_344"	"3316"	"O08"	"344"	"CCA5"
"25014_5_345"	"3316"	"O09"	"345"	"HCC23"
"25014_5_346"	"3316"	"O10"	"346"	"HCC23"
"25014_5_347"	"3316"	"O11"	"347"	"HCC23"
"25014_5_348"	"3316"	"O12"	"348"	"HCC23"
"25014_5_349"	"3316"	"O13"	"349"	"HCC23"
"25014_5_350"	"3316"	"O14"	"350"	"HCC23"
"25014_5_351"	"3316"	"O15"	"351"	"HCC23"
"25014_5_352"	"3316"	"O16"	"352"	"HCC23"
"25014_5_353"	"3316"	"O17"	"353"	"HCC24"
"25014_5_354"	"3316"	"O18"	"354"	"HCC24"
"25014_5_355"	"3316"	"O19"	"355"	"HCC24"
"25014_5_356"	"3316"	"O20"	"356"	"HCC24"
"25014_5_357"	"3316"	"O21"	"357"	"HCC24"
"25014_5_358"	"3316"	"O22"	"358"	"HCC24"
"25014_5_359"	"3316"	"O23"	"359"	"HCC24"
"25014_5_360"	"3316"	"O24"	"360"	"HCC24"
"25014_5_361"	"3316"	"P01"	"361"	"CCA5"
"25014_5_362"	"3316"	"P02"	"362"	"CCA5"
"25014_5_363"	"3316"	"P03"	"363"	"CCA5"
"25014_5_364"	"3316"	"P04"	"364"	"CCA5"
"25014_5_365"	"3316"	"P05"	"365"	"CCA5"
"25014_5_366"	"3316"	"P06"	"366"	"CCA5"
"25014_5_367"	"3316"	"P07"	"367"	"CCA5"
"25014_5_368"	"3316"	"P08"	"368"	"CCA5"
"25014_5_369"	"3316"	"P09"	"369"	"HCC23"
"25014_5_370"	"3316"	"P10"	"370"	"HCC23"
"25014_5_371"	"3316"	"P11"	"371"	"HCC23"
"25014_5_372"	"3316"	"P12"	"372"	"HCC23"
"25014_5_373"	"3316"	"P13"	"373"	"HCC23"
"25014_5_374"	"3316"	"P14"	"374"	"HCC23"
"25014_5_375"	"3316"	"P15"	"375"	"HCC23"
"25014_5_376"	"3316"	"P16"	"376"	"HCC23"
"25014_5_377"	"3316"	"P17"	"377"	"HCC24"
"25014_5_378"	"3316"	"P18"	"378"	"HCC24"
"25014_5_379"	"3316"	"P19"	"379"	"HCC24"
"25014_5_380"	"3316"	"P20"	"380"	"HCC24"
"25014_5_381"	"3316"	"P21"	"381"	"no cells"
"25014_5_382"	"3316"	"P22"	"382"	"no cells"
"25014_5_383"	"3316"	"P23"	"383"	"no cells"
"25014_5_384"	"3316"	"P24"	"384"	"no cells"
"25078_2_1"	"3317"	"A01"	"1"	"50cells HCC23"
"25078_2_2"	"3317"	"A02"	"2"	"25cells HCC23"
"25078_2_3"	"3317"	"A03"	"3"	"HCC24"
"25078_2_4"	"3317"	"A04"	"4"	"HCC24"
"25078_2_5"	"3317"	"A05"	"5"	"HCC24"
"25078_2_6"	"3317"	"A06"	"6"	"HCC24"
"25078_2_7"	"3317"	"A07"	"7"	"HCC24"
"25078_2_8"	"3317"	"A08"	"8"	"HCC24"
"25078_2_9"	"3317"	"A09"	"9"	"CCA5"
"25078_2_10"	"3317"	"A10"	"10"	"CCA5"
"25078_2_11"	"3317"	"A11"	"11"	"CCA5"
"25078_2_12"	"3317"	"A12"	"12"	"CCA5"
"25078_2_13"	"3317"	"A13"	"13"	"CCA5"
"25078_2_14"	"3317"	"A14"	"14"	"CCA5"
"25078_2_15"	"3317"	"A15"	"15"	"CCA5"
"25078_2_16"	"3317"	"A16"	"16"	"CCA5"
"25078_2_17"	"3317"	"A17"	"17"	"HCC23"
"25078_2_18"	"3317"	"A18"	"18"	"HCC23"
"25078_2_19"	"3317"	"A19"	"19"	"HCC23"
"25078_2_20"	"3317"	"A20"	"20"	"HCC23"
"25078_2_21"	"3317"	"A21"	"21"	"HCC23"
"25078_2_22"	"3317"	"A22"	"22"	"HCC23"
"25078_2_23"	"3317"	"A23"	"23"	"HCC23"
"25078_2_24"	"3317"	"A24"	"24"	"HCC23"
"25078_2_25"	"3317"	"B01"	"25"	"50cells HCC24"
"25078_2_26"	"3317"	"B02"	"26"	"25cells HCC24"
"25078_2_27"	"3317"	"B03"	"27"	"HCC24"
"25078_2_28"	"3317"	"B04"	"28"	"HCC24"
"25078_2_29"	"3317"	"B05"	"29"	"HCC24"
"25078_2_30"	"3317"	"B06"	"30"	"HCC24"
"25078_2_31"	"3317"	"B07"	"31"	"HCC24"
"25078_2_32"	"3317"	"B08"	"32"	"HCC24"
"25078_2_33"	"3317"	"B09"	"33"	"CCA5"
"25078_2_34"	"3317"	"B10"	"34"	"CCA5"
"25078_2_35"	"3317"	"B11"	"35"	"CCA5"
"25078_2_36"	"3317"	"B12"	"36"	"CCA5"
"25078_2_37"	"3317"	"B13"	"37"	"CCA5"
"25078_2_38"	"3317"	"B14"	"38"	"CCA5"
"25078_2_39"	"3317"	"B15"	"39"	"CCA5"
"25078_2_40"	"3317"	"B16"	"40"	"CCA5"
"25078_2_41"	"3317"	"B17"	"41"	"HCC23"
"25078_2_42"	"3317"	"B18"	"42"	"HCC23"
"25078_2_43"	"3317"	"B19"	"43"	"HCC23"
"25078_2_44"	"3317"	"B20"	"44"	"HCC23"
"25078_2_45"	"3317"	"B21"	"45"	"HCC23"
"25078_2_46"	"3317"	"B22"	"46"	"HCC23"
"25078_2_47"	"3317"	"B23"	"47"	"HCC23"
"25078_2_48"	"3317"	"B24"	"48"	"HCC23"
"25078_2_49"	"3317"	"C01"	"49"	"50cells CCA5"
"25078_2_50"	"3317"	"C02"	"50"	"25cells CCA5"
"25078_2_51"	"3317"	"C03"	"51"	"HCC24"
"25078_2_52"	"3317"	"C04"	"52"	"HCC24"
"25078_2_53"	"3317"	"C05"	"53"	"HCC24"
"25078_2_54"	"3317"	"C06"	"54"	"HCC24"
"25078_2_55"	"3317"	"C07"	"55"	"HCC24"
"25078_2_56"	"3317"	"C08"	"56"	"HCC24"
"25078_2_57"	"3317"	"C09"	"57"	"CCA5"
"25078_2_58"	"3317"	"C10"	"58"	"CCA5"
"25078_2_59"	"3317"	"C11"	"59"	"CCA5"
"25078_2_60"	"3317"	"C12"	"60"	"CCA5"
"25078_2_61"	"3317"	"C13"	"61"	"CCA5"
"25078_2_62"	"3317"	"C14"	"62"	"CCA5"
"25078_2_63"	"3317"	"C15"	"63"	"CCA5"
"25078_2_64"	"3317"	"C16"	"64"	"CCA5"
"25078_2_65"	"3317"	"C17"	"65"	"HCC23"
"25078_2_66"	"3317"	"C18"	"66"	"HCC23"
"25078_2_67"	"3317"	"C19"	"67"	"HCC23"
"25078_2_68"	"3317"	"C20"	"68"	"HCC23"
"25078_2_69"	"3317"	"C21"	"69"	"HCC23"
"25078_2_70"	"3317"	"C22"	"70"	"HCC23"
"25078_2_71"	"3317"	"C23"	"71"	"HCC23"
"25078_2_72"	"3317"	"C24"	"72"	"HCC23"
"25078_2_73"	"3317"	"D01"	"73"	"HCC24"
"25078_2_74"	"3317"	"D02"	"74"	"HCC24"
"25078_2_75"	"3317"	"D03"	"75"	"HCC24"
"25078_2_76"	"3317"	"D04"	"76"	"HCC24"
"25078_2_77"	"3317"	"D05"	"77"	"HCC24"
"25078_2_78"	"3317"	"D06"	"78"	"HCC24"
"25078_2_79"	"3317"	"D07"	"79"	"HCC24"
"25078_2_80"	"3317"	"D08"	"80"	"HCC24"
"25078_2_81"	"3317"	"D09"	"81"	"CCA5"
"25078_2_82"	"3317"	"D10"	"82"	"CCA5"
"25078_2_83"	"3317"	"D11"	"83"	"CCA5"
"25078_2_84"	"3317"	"D12"	"84"	"CCA5"
"25078_2_85"	"3317"	"D13"	"85"	"CCA5"
"25078_2_86"	"3317"	"D14"	"86"	"CCA5"
"25078_2_87"	"3317"	"D15"	"87"	"CCA5"
"25078_2_88"	"3317"	"D16"	"88"	"CCA5"
"25078_2_89"	"3317"	"D17"	"89"	"HCC23"
"25078_2_90"	"3317"	"D18"	"90"	"HCC23"
"25078_2_91"	"3317"	"D19"	"91"	"HCC23"
"25078_2_92"	"3317"	"D20"	"92"	"HCC23"
"25078_2_93"	"3317"	"D21"	"93"	"HCC23"
"25078_2_94"	"3317"	"D22"	"94"	"HCC23"
"25078_2_95"	"3317"	"D23"	"95"	"HCC23"
"25078_2_96"	"3317"	"D24"	"96"	"HCC23"
"25078_2_97"	"3317"	"E01"	"97"	"HCC24"
"25078_2_98"	"3317"	"E02"	"98"	"HCC24"
"25078_2_99"	"3317"	"E03"	"99"	"HCC24"
"25078_2_100"	"3317"	"E04"	"100"	"HCC24"
"25078_2_101"	"3317"	"E05"	"101"	"HCC24"
"25078_2_102"	"3317"	"E06"	"102"	"HCC24"
"25078_2_103"	"3317"	"E07"	"103"	"HCC24"
"25078_2_104"	"3317"	"E08"	"104"	"HCC24"
"25078_2_105"	"3317"	"E09"	"105"	"CCA5"
"25078_2_106"	"3317"	"E10"	"106"	"CCA5"
"25078_2_107"	"3317"	"E11"	"107"	"CCA5"
"25078_2_108"	"3317"	"E12"	"108"	"CCA5"
"25078_2_109"	"3317"	"E13"	"109"	"CCA5"
"25078_2_110"	"3317"	"E14"	"110"	"CCA5"
"25078_2_111"	"3317"	"E15"	"111"	"CCA5"
"25078_2_112"	"3317"	"E16"	"112"	"CCA5"
"25078_2_113"	"3317"	"E17"	"113"	"HCC23"
"25078_2_114"	"3317"	"E18"	"114"	"HCC23"
"25078_2_115"	"3317"	"E19"	"115"	"HCC23"
"25078_2_116"	"3317"	"E20"	"116"	"HCC23"
"25078_2_117"	"3317"	"E21"	"117"	"HCC23"
"25078_2_118"	"3317"	"E22"	"118"	"HCC23"
"25078_2_119"	"3317"	"E23"	"119"	"HCC23"
"25078_2_120"	"3317"	"E24"	"120"	"HCC23"
"25078_2_121"	"3317"	"F01"	"121"	"HCC24"
"25078_2_122"	"3317"	"F02"	"122"	"HCC24"
"25078_2_123"	"3317"	"F03"	"123"	"HCC24"
"25078_2_124"	"3317"	"F04"	"124"	"HCC24"
"25078_2_125"	"3317"	"F05"	"125"	"HCC24"
"25078_2_126"	"3317"	"F06"	"126"	"HCC24"
"25078_2_127"	"3317"	"F07"	"127"	"HCC24"
"25078_2_128"	"3317"	"F08"	"128"	"HCC24"
"25078_2_129"	"3317"	"F09"	"129"	"CCA5"
"25078_2_130"	"3317"	"F10"	"130"	"CCA5"
"25078_2_131"	"3317"	"F11"	"131"	"CCA5"
"25078_2_132"	"3317"	"F12"	"132"	"CCA5"
"25078_2_133"	"3317"	"F13"	"133"	"CCA5"
"25078_2_134"	"3317"	"F14"	"134"	"CCA5"
"25078_2_135"	"3317"	"F15"	"135"	"CCA5"
"25078_2_136"	"3317"	"F16"	"136"	"CCA5"
"25078_2_137"	"3317"	"F17"	"137"	"HCC23"
"25078_2_138"	"3317"	"F18"	"138"	"HCC23"
"25078_2_139"	"3317"	"F19"	"139"	"HCC23"
"25078_2_140"	"3317"	"F20"	"140"	"HCC23"
"25078_2_141"	"3317"	"F21"	"141"	"HCC23"
"25078_2_142"	"3317"	"F22"	"142"	"HCC23"
"25078_2_143"	"3317"	"F23"	"143"	"HCC23"
"25078_2_144"	"3317"	"F24"	"144"	"HCC23"
"25078_2_145"	"3317"	"G01"	"145"	"HCC24"
"25078_2_146"	"3317"	"G02"	"146"	"HCC24"
"25078_2_147"	"3317"	"G03"	"147"	"HCC24"
"25078_2_148"	"3317"	"G04"	"148"	"HCC24"
"25078_2_149"	"3317"	"G05"	"149"	"HCC24"
"25078_2_150"	"3317"	"G06"	"150"	"HCC24"
"25078_2_151"	"3317"	"G07"	"151"	"HCC24"
"25078_2_152"	"3317"	"G08"	"152"	"HCC24"
"25078_2_153"	"3317"	"G09"	"153"	"CCA5"
"25078_2_154"	"3317"	"G10"	"154"	"CCA5"
"25078_2_155"	"3317"	"G11"	"155"	"CCA5"
"25078_2_156"	"3317"	"G12"	"156"	"CCA5"
"25078_2_157"	"3317"	"G13"	"157"	"CCA5"
"25078_2_158"	"3317"	"G14"	"158"	"CCA5"
"25078_2_159"	"3317"	"G15"	"159"	"CCA5"
"25078_2_160"	"3317"	"G16"	"160"	"CCA5"
"25078_2_161"	"3317"	"G17"	"161"	"HCC23"
"25078_2_162"	"3317"	"G18"	"162"	"HCC23"
"25078_2_163"	"3317"	"G19"	"163"	"HCC23"
"25078_2_164"	"3317"	"G20"	"164"	"HCC23"
"25078_2_165"	"3317"	"G21"	"165"	"HCC23"
"25078_2_166"	"3317"	"G22"	"166"	"HCC23"
"25078_2_167"	"3317"	"G23"	"167"	"HCC23"
"25078_2_168"	"3317"	"G24"	"168"	"HCC23"
"25078_2_169"	"3317"	"H01"	"169"	"HCC24"
"25078_2_170"	"3317"	"H02"	"170"	"HCC24"
"25078_2_171"	"3317"	"H03"	"171"	"HCC24"
"25078_2_172"	"3317"	"H04"	"172"	"HCC24"
"25078_2_173"	"3317"	"H05"	"173"	"HCC24"
"25078_2_174"	"3317"	"H06"	"174"	"HCC24"
"25078_2_175"	"3317"	"H07"	"175"	"HCC24"
"25078_2_176"	"3317"	"H08"	"176"	"HCC24"
"25078_2_177"	"3317"	"H09"	"177"	"CCA5"
"25078_2_178"	"3317"	"H10"	"178"	"CCA5"
"25078_2_179"	"3317"	"H11"	"179"	"CCA5"
"25078_2_180"	"3317"	"H12"	"180"	"CCA5"
"25078_2_181"	"3317"	"H13"	"181"	"CCA5"
"25078_2_182"	"3317"	"H14"	"182"	"CCA5"
"25078_2_183"	"3317"	"H15"	"183"	"CCA5"
"25078_2_184"	"3317"	"H16"	"184"	"CCA5"
"25078_2_185"	"3317"	"H17"	"185"	"HCC23"
"25078_2_186"	"3317"	"H18"	"186"	"HCC23"
"25078_2_187"	"3317"	"H19"	"187"	"HCC23"
"25078_2_188"	"3317"	"H20"	"188"	"HCC23"
"25078_2_189"	"3317"	"H21"	"189"	"HCC23"
"25078_2_190"	"3317"	"H22"	"190"	"HCC23"
"25078_2_191"	"3317"	"H23"	"191"	"HCC23"
"25078_2_192"	"3317"	"H24"	"192"	"HCC23"
"25078_2_193"	"3317"	"I01"	"193"	"HCC24"
"25078_2_194"	"3317"	"I02"	"194"	"HCC24"
"25078_2_195"	"3317"	"I03"	"195"	"HCC24"
"25078_2_196"	"3317"	"I04"	"196"	"HCC24"
"25078_2_197"	"3317"	"I05"	"197"	"HCC24"
"25078_2_198"	"3317"	"I06"	"198"	"HCC24"
"25078_2_199"	"3317"	"I07"	"199"	"HCC24"
"25078_2_200"	"3317"	"I08"	"200"	"HCC24"
"25078_2_201"	"3317"	"I09"	"201"	"CCA5"
"25078_2_202"	"3317"	"I10"	"202"	"CCA5"
"25078_2_203"	"3317"	"I11"	"203"	"CCA5"
"25078_2_204"	"3317"	"I12"	"204"	"CCA5"
"25078_2_205"	"3317"	"I13"	"205"	"CCA5"
"25078_2_206"	"3317"	"I14"	"206"	"CCA5"
"25078_2_207"	"3317"	"I15"	"207"	"CCA5"
"25078_2_208"	"3317"	"I16"	"208"	"CCA5"
"25078_2_209"	"3317"	"I17"	"209"	"HCC23"
"25078_2_210"	"3317"	"I18"	"210"	"HCC23"
"25078_2_211"	"3317"	"I19"	"211"	"HCC23"
"25078_2_212"	"3317"	"I20"	"212"	"HCC23"
"25078_2_213"	"3317"	"I21"	"213"	"HCC23"
"25078_2_214"	"3317"	"I22"	"214"	"HCC23"
"25078_2_215"	"3317"	"I23"	"215"	"HCC23"
"25078_2_216"	"3317"	"I24"	"216"	"HCC23"
"25078_2_217"	"3317"	"J01"	"217"	"HCC24"
"25078_2_218"	"3317"	"J02"	"218"	"HCC24"
"25078_2_219"	"3317"	"J03"	"219"	"HCC24"
"25078_2_220"	"3317"	"J04"	"220"	"HCC24"
"25078_2_221"	"3317"	"J05"	"221"	"HCC24"
"25078_2_222"	"3317"	"J06"	"222"	"HCC24"
"25078_2_223"	"3317"	"J07"	"223"	"HCC24"
"25078_2_224"	"3317"	"J08"	"224"	"HCC24"
"25078_2_225"	"3317"	"J09"	"225"	"CCA5"
"25078_2_226"	"3317"	"J10"	"226"	"CCA5"
"25078_2_227"	"3317"	"J11"	"227"	"CCA5"
"25078_2_228"	"3317"	"J12"	"228"	"CCA5"
"25078_2_229"	"3317"	"J13"	"229"	"CCA5"
"25078_2_230"	"3317"	"J14"	"230"	"CCA5"
"25078_2_231"	"3317"	"J15"	"231"	"CCA5"
"25078_2_232"	"3317"	"J16"	"232"	"CCA5"
"25078_2_233"	"3317"	"J17"	"233"	"HCC23"
"25078_2_234"	"3317"	"J18"	"234"	"HCC23"
"25078_2_235"	"3317"	"J19"	"235"	"HCC23"
"25078_2_236"	"3317"	"J20"	"236"	"HCC23"
"25078_2_237"	"3317"	"J21"	"237"	"HCC23"
"25078_2_238"	"3317"	"J22"	"238"	"HCC23"
"25078_2_239"	"3317"	"J23"	"239"	"HCC23"
"25078_2_240"	"3317"	"J24"	"240"	"HCC23"
"25078_2_241"	"3317"	"K01"	"241"	"HCC24"
"25078_2_242"	"3317"	"K02"	"242"	"HCC24"
"25078_2_243"	"3317"	"K03"	"243"	"HCC24"
"25078_2_244"	"3317"	"K04"	"244"	"HCC24"
"25078_2_245"	"3317"	"K05"	"245"	"HCC24"
"25078_2_246"	"3317"	"K06"	"246"	"HCC24"
"25078_2_247"	"3317"	"K07"	"247"	"HCC24"
"25078_2_248"	"3317"	"K08"	"248"	"HCC24"
"25078_2_249"	"3317"	"K09"	"249"	"CCA5"
"25078_2_250"	"3317"	"K10"	"250"	"CCA5"
"25078_2_251"	"3317"	"K11"	"251"	"CCA5"
"25078_2_252"	"3317"	"K12"	"252"	"CCA5"
"25078_2_253"	"3317"	"K13"	"253"	"CCA5"
"25078_2_254"	"3317"	"K14"	"254"	"CCA5"
"25078_2_255"	"3317"	"K15"	"255"	"CCA5"
"25078_2_256"	"3317"	"K16"	"256"	"CCA5"
"25078_2_257"	"3317"	"K17"	"257"	"HCC23"
"25078_2_258"	"3317"	"K18"	"258"	"HCC23"
"25078_2_259"	"3317"	"K19"	"259"	"HCC23"
"25078_2_260"	"3317"	"K20"	"260"	"HCC23"
"25078_2_261"	"3317"	"K21"	"261"	"HCC23"
"25078_2_262"	"3317"	"K22"	"262"	"HCC23"
"25078_2_263"	"3317"	"K23"	"263"	"HCC23"
"25078_2_264"	"3317"	"K24"	"264"	"HCC23"
"25078_2_265"	"3317"	"L01"	"265"	"HCC24"
"25078_2_266"	"3317"	"L02"	"266"	"HCC24"
"25078_2_267"	"3317"	"L03"	"267"	"HCC24"
"25078_2_268"	"3317"	"L04"	"268"	"HCC24"
"25078_2_269"	"3317"	"L05"	"269"	"HCC24"
"25078_2_270"	"3317"	"L06"	"270"	"HCC24"
"25078_2_271"	"3317"	"L07"	"271"	"HCC24"
"25078_2_272"	"3317"	"L08"	"272"	"HCC24"
"25078_2_273"	"3317"	"L09"	"273"	"CCA5"
"25078_2_274"	"3317"	"L10"	"274"	"CCA5"
"25078_2_275"	"3317"	"L11"	"275"	"CCA5"
"25078_2_276"	"3317"	"L12"	"276"	"CCA5"
"25078_2_277"	"3317"	"L13"	"277"	"CCA5"
"25078_2_278"	"3317"	"L14"	"278"	"CCA5"
"25078_2_279"	"3317"	"L15"	"279"	"CCA5"
"25078_2_280"	"3317"	"L16"	"280"	"CCA5"
"25078_2_281"	"3317"	"L17"	"281"	"HCC23"
"25078_2_282"	"3317"	"L18"	"282"	"HCC23"
"25078_2_283"	"3317"	"L19"	"283"	"HCC23"
"25078_2_284"	"3317"	"L20"	"284"	"HCC23"
"25078_2_285"	"3317"	"L21"	"285"	"HCC23"
"25078_2_286"	"3317"	"L22"	"286"	"HCC23"
"25078_2_287"	"3317"	"L23"	"287"	"HCC23"
"25078_2_288"	"3317"	"L24"	"288"	"HCC23"
"25078_2_289"	"3317"	"M01"	"289"	"HCC24"
"25078_2_290"	"3317"	"M02"	"290"	"HCC24"
"25078_2_291"	"3317"	"M03"	"291"	"HCC24"
"25078_2_292"	"3317"	"M04"	"292"	"HCC24"
"25078_2_293"	"3317"	"M05"	"293"	"HCC24"
"25078_2_294"	"3317"	"M06"	"294"	"HCC24"
"25078_2_295"	"3317"	"M07"	"295"	"HCC24"
"25078_2_296"	"3317"	"M08"	"296"	"HCC24"
"25078_2_297"	"3317"	"M09"	"297"	"CCA5"
"25078_2_298"	"3317"	"M10"	"298"	"CCA5"
"25078_2_299"	"3317"	"M11"	"299"	"CCA5"
"25078_2_300"	"3317"	"M12"	"300"	"CCA5"
"25078_2_301"	"3317"	"M13"	"301"	"CCA5"
"25078_2_302"	"3317"	"M14"	"302"	"CCA5"
"25078_2_303"	"3317"	"M15"	"303"	"CCA5"
"25078_2_304"	"3317"	"M16"	"304"	"CCA5"
"25078_2_305"	"3317"	"M17"	"305"	"HCC23"
"25078_2_306"	"3317"	"M18"	"306"	"HCC23"
"25078_2_307"	"3317"	"M19"	"307"	"HCC23"
"25078_2_308"	"3317"	"M20"	"308"	"HCC23"
"25078_2_309"	"3317"	"M21"	"309"	"HCC23"
"25078_2_310"	"3317"	"M22"	"310"	"HCC23"
"25078_2_311"	"3317"	"M23"	"311"	"HCC23"
"25078_2_312"	"3317"	"M24"	"312"	"HCC23"
"25078_2_313"	"3317"	"N01"	"313"	"HCC24"
"25078_2_314"	"3317"	"N02"	"314"	"HCC24"
"25078_2_315"	"3317"	"N03"	"315"	"HCC24"
"25078_2_316"	"3317"	"N04"	"316"	"HCC24"
"25078_2_317"	"3317"	"N05"	"317"	"HCC24"
"25078_2_318"	"3317"	"N06"	"318"	"HCC24"
"25078_2_319"	"3317"	"N07"	"319"	"HCC24"
"25078_2_320"	"3317"	"N08"	"320"	"HCC24"
"25078_2_321"	"3317"	"N09"	"321"	"CCA5"
"25078_2_322"	"3317"	"N10"	"322"	"CCA5"
"25078_2_323"	"3317"	"N11"	"323"	"CCA5"
"25078_2_324"	"3317"	"N12"	"324"	"CCA5"
"25078_2_325"	"3317"	"N13"	"325"	"CCA5"
"25078_2_326"	"3317"	"N14"	"326"	"CCA5"
"25078_2_327"	"3317"	"N15"	"327"	"CCA5"
"25078_2_328"	"3317"	"N16"	"328"	"CCA5"
"25078_2_329"	"3317"	"N17"	"329"	"HCC23"
"25078_2_330"	"3317"	"N18"	"330"	"HCC23"
"25078_2_331"	"3317"	"N19"	"331"	"HCC23"
"25078_2_332"	"3317"	"N20"	"332"	"HCC23"
"25078_2_333"	"3317"	"N21"	"333"	"HCC23"
"25078_2_334"	"3317"	"N22"	"334"	"HCC23"
"25078_2_335"	"3317"	"N23"	"335"	"HCC23"
"25078_2_336"	"3317"	"N24"	"336"	"HCC23"
"25078_2_337"	"3317"	"O01"	"337"	"HCC24"
"25078_2_338"	"3317"	"O02"	"338"	"HCC24"
"25078_2_339"	"3317"	"O03"	"339"	"HCC24"
"25078_2_340"	"3317"	"O04"	"340"	"HCC24"
"25078_2_341"	"3317"	"O05"	"341"	"HCC24"
"25078_2_342"	"3317"	"O06"	"342"	"HCC24"
"25078_2_343"	"3317"	"O07"	"343"	"HCC24"
"25078_2_344"	"3317"	"O08"	"344"	"HCC24"
"25078_2_345"	"3317"	"O09"	"345"	"CCA5"
"25078_2_346"	"3317"	"O10"	"346"	"CCA5"
"25078_2_347"	"3317"	"O11"	"347"	"CCA5"
"25078_2_348"	"3317"	"O12"	"348"	"CCA5"
"25078_2_349"	"3317"	"O13"	"349"	"CCA5"
"25078_2_350"	"3317"	"O14"	"350"	"CCA5"
"25078_2_351"	"3317"	"O15"	"351"	"CCA5"
"25078_2_352"	"3317"	"O16"	"352"	"CCA5"
"25078_2_353"	"3317"	"O17"	"353"	"HCC23"
"25078_2_354"	"3317"	"O18"	"354"	"HCC23"
"25078_2_355"	"3317"	"O19"	"355"	"HCC23"
"25078_2_356"	"3317"	"O20"	"356"	"HCC23"
"25078_2_357"	"3317"	"O21"	"357"	"HCC23"
"25078_2_358"	"3317"	"O22"	"358"	"HCC23"
"25078_2_359"	"3317"	"O23"	"359"	"HCC23"
"25078_2_360"	"3317"	"O24"	"360"	"HCC23"
"25078_2_361"	"3317"	"P01"	"361"	"HCC24"
"25078_2_362"	"3317"	"P02"	"362"	"HCC24"
"25078_2_363"	"3317"	"P03"	"363"	"HCC24"
"25078_2_364"	"3317"	"P04"	"364"	"HCC24"
"25078_2_365"	"3317"	"P05"	"365"	"HCC24"
"25078_2_366"	"3317"	"P06"	"366"	"HCC24"
"25078_2_367"	"3317"	"P07"	"367"	"HCC24"
"25078_2_368"	"3317"	"P08"	"368"	"HCC24"
"25078_2_369"	"3317"	"P09"	"369"	"CCA5"
"25078_2_370"	"3317"	"P10"	"370"	"CCA5"
"25078_2_371"	"3317"	"P11"	"371"	"CCA5"
"25078_2_372"	"3317"	"P12"	"372"	"CCA5"
"25078_2_373"	"3317"	"P13"	"373"	"CCA5"
"25078_2_374"	"3317"	"P14"	"374"	"CCA5"
"25078_2_375"	"3317"	"P15"	"375"	"CCA5"
"25078_2_376"	"3317"	"P16"	"376"	"CCA5"
"25078_2_377"	"3317"	"P17"	"377"	"HCC23"
"25078_2_378"	"3317"	"P18"	"378"	"HCC23"
"25078_2_379"	"3317"	"P19"	"379"	"HCC23"
"25078_2_380"	"3317"	"P20"	"380"	"HCC23"
"25078_2_381"	"3317"	"P21"	"381"	"no cells"
"25078_2_382"	"3317"	"P22"	"382"	"no cells"
"25078_2_383"	"3317"	"P23"	"383"	"no cells"
"25078_2_384"	"3317"	"P24"	"384"	"no cells"
