"CellID"	"Plate"	"Well"	"File"	"Type"
"25078_3_1"	"3318"	"A01"	"1"	"50cells Donor-9-DM"
"25078_3_2"	"3318"	"A02"	"2"	"25cells Donor-9-DM"
"25078_3_3"	"3318"	"A03"	"3"	"Donor-9-DM"
"25078_3_4"	"3318"	"A04"	"4"	"Donor-9-DM"
"25078_3_5"	"3318"	"A05"	"5"	"Donor-9-DM"
"25078_3_6"	"3318"	"A06"	"6"	"Donor-9-DM"
"25078_3_7"	"3318"	"A07"	"7"	"Donor-9-DM"
"25078_3_8"	"3318"	"A08"	"8"	"Donor-9-DM"
"25078_3_9"	"3318"	"A09"	"9"	"Donor-9-DM"
"25078_3_10"	"3318"	"A10"	"10"	"Donor-9-DM"
"25078_3_11"	"3318"	"A11"	"11"	"Donor-9-DM"
"25078_3_12"	"3318"	"A12"	"12"	"Donor-9-DM"
"25078_3_13"	"3318"	"A13"	"13"	"Donor-9-EM"
"25078_3_14"	"3318"	"A14"	"14"	"Donor-9-EM"
"25078_3_15"	"3318"	"A15"	"15"	"Donor-9-EM"
"25078_3_16"	"3318"	"A16"	"16"	"Donor-9-EM"
"25078_3_17"	"3318"	"A17"	"17"	"Donor-9-EM"
"25078_3_18"	"3318"	"A18"	"18"	"Donor-9-EM"
"25078_3_19"	"3318"	"A19"	"19"	"Donor-9-EM"
"25078_3_20"	"3318"	"A20"	"20"	"Donor-9-EM"
"25078_3_21"	"3318"	"A21"	"21"	"Donor-9-EM"
"25078_3_22"	"3318"	"A22"	"22"	"Donor-9-EM"
"25078_3_23"	"3318"	"A23"	"23"	"Donor-9-EM"
"25078_3_24"	"3318"	"A24"	"24"	"Donor-9-EM"
"25078_3_25"	"3318"	"B01"	"25"	"50cells Donor-9-EM"
"25078_3_26"	"3318"	"B02"	"26"	"25cells Donor-9-EM"
"25078_3_27"	"3318"	"B03"	"27"	"Donor-9-DM"
"25078_3_28"	"3318"	"B04"	"28"	"Donor-9-DM"
"25078_3_29"	"3318"	"B05"	"29"	"Donor-9-DM"
"25078_3_30"	"3318"	"B06"	"30"	"Donor-9-DM"
"25078_3_31"	"3318"	"B07"	"31"	"Donor-9-DM"
"25078_3_32"	"3318"	"B08"	"32"	"Donor-9-DM"
"25078_3_33"	"3318"	"B09"	"33"	"Donor-9-DM"
"25078_3_34"	"3318"	"B10"	"34"	"Donor-9-DM"
"25078_3_35"	"3318"	"B11"	"35"	"Donor-9-DM"
"25078_3_36"	"3318"	"B12"	"36"	"Donor-9-DM"
"25078_3_37"	"3318"	"B13"	"37"	"Donor-9-EM"
"25078_3_38"	"3318"	"B14"	"38"	"Donor-9-EM"
"25078_3_39"	"3318"	"B15"	"39"	"Donor-9-EM"
"25078_3_40"	"3318"	"B16"	"40"	"Donor-9-EM"
"25078_3_41"	"3318"	"B17"	"41"	"Donor-9-EM"
"25078_3_42"	"3318"	"B18"	"42"	"Donor-9-EM"
"25078_3_43"	"3318"	"B19"	"43"	"Donor-9-EM"
"25078_3_44"	"3318"	"B20"	"44"	"Donor-9-EM"
"25078_3_45"	"3318"	"B21"	"45"	"Donor-9-EM"
"25078_3_46"	"3318"	"B22"	"46"	"Donor-9-EM"
"25078_3_47"	"3318"	"B23"	"47"	"Donor-9-EM"
"25078_3_48"	"3318"	"B24"	"48"	"Donor-9-EM"
"25078_3_49"	"3318"	"C01"	"49"	"Donor-9-DM"
"25078_3_50"	"3318"	"C02"	"50"	"Donor-9-DM"
"25078_3_51"	"3318"	"C03"	"51"	"Donor-9-DM"
"25078_3_52"	"3318"	"C04"	"52"	"Donor-9-DM"
"25078_3_53"	"3318"	"C05"	"53"	"Donor-9-DM"
"25078_3_54"	"3318"	"C06"	"54"	"Donor-9-DM"
"25078_3_55"	"3318"	"C07"	"55"	"Donor-9-DM"
"25078_3_56"	"3318"	"C08"	"56"	"Donor-9-DM"
"25078_3_57"	"3318"	"C09"	"57"	"Donor-9-DM"
"25078_3_58"	"3318"	"C10"	"58"	"Donor-9-DM"
"25078_3_59"	"3318"	"C11"	"59"	"Donor-9-DM"
"25078_3_60"	"3318"	"C12"	"60"	"Donor-9-DM"
"25078_3_61"	"3318"	"C13"	"61"	"Donor-9-EM"
"25078_3_62"	"3318"	"C14"	"62"	"Donor-9-EM"
"25078_3_63"	"3318"	"C15"	"63"	"Donor-9-EM"
"25078_3_64"	"3318"	"C16"	"64"	"Donor-9-EM"
"25078_3_65"	"3318"	"C17"	"65"	"Donor-9-EM"
"25078_3_66"	"3318"	"C18"	"66"	"Donor-9-EM"
"25078_3_67"	"3318"	"C19"	"67"	"Donor-9-EM"
"25078_3_68"	"3318"	"C20"	"68"	"Donor-9-EM"
"25078_3_69"	"3318"	"C21"	"69"	"Donor-9-EM"
"25078_3_70"	"3318"	"C22"	"70"	"Donor-9-EM"
"25078_3_71"	"3318"	"C23"	"71"	"Donor-9-EM"
"25078_3_72"	"3318"	"C24"	"72"	"Donor-9-EM"
"25078_3_73"	"3318"	"D01"	"73"	"Donor-9-DM"
"25078_3_74"	"3318"	"D02"	"74"	"Donor-9-DM"
"25078_3_75"	"3318"	"D03"	"75"	"Donor-9-DM"
"25078_3_76"	"3318"	"D04"	"76"	"Donor-9-DM"
"25078_3_77"	"3318"	"D05"	"77"	"Donor-9-DM"
"25078_3_78"	"3318"	"D06"	"78"	"Donor-9-DM"
"25078_3_79"	"3318"	"D07"	"79"	"Donor-9-DM"
"25078_3_80"	"3318"	"D08"	"80"	"Donor-9-DM"
"25078_3_81"	"3318"	"D09"	"81"	"Donor-9-DM"
"25078_3_82"	"3318"	"D10"	"82"	"Donor-9-DM"
"25078_3_83"	"3318"	"D11"	"83"	"Donor-9-DM"
"25078_3_84"	"3318"	"D12"	"84"	"Donor-9-DM"
"25078_3_85"	"3318"	"D13"	"85"	"Donor-9-EM"
"25078_3_86"	"3318"	"D14"	"86"	"Donor-9-EM"
"25078_3_87"	"3318"	"D15"	"87"	"Donor-9-EM"
"25078_3_88"	"3318"	"D16"	"88"	"Donor-9-EM"
"25078_3_89"	"3318"	"D17"	"89"	"Donor-9-EM"
"25078_3_90"	"3318"	"D18"	"90"	"Donor-9-EM"
"25078_3_91"	"3318"	"D19"	"91"	"Donor-9-EM"
"25078_3_92"	"3318"	"D20"	"92"	"Donor-9-EM"
"25078_3_93"	"3318"	"D21"	"93"	"Donor-9-EM"
"25078_3_94"	"3318"	"D22"	"94"	"Donor-9-EM"
"25078_3_95"	"3318"	"D23"	"95"	"Donor-9-EM"
"25078_3_96"	"3318"	"D24"	"96"	"Donor-9-EM"
"25078_3_97"	"3318"	"E01"	"97"	"Donor-9-DM"
"25078_3_98"	"3318"	"E02"	"98"	"Donor-9-DM"
"25078_3_99"	"3318"	"E03"	"99"	"Donor-9-DM"
"25078_3_100"	"3318"	"E04"	"100"	"Donor-9-DM"
"25078_3_101"	"3318"	"E05"	"101"	"Donor-9-DM"
"25078_3_102"	"3318"	"E06"	"102"	"Donor-9-DM"
"25078_3_103"	"3318"	"E07"	"103"	"Donor-9-DM"
"25078_3_104"	"3318"	"E08"	"104"	"Donor-9-DM"
"25078_3_105"	"3318"	"E09"	"105"	"Donor-9-DM"
"25078_3_106"	"3318"	"E10"	"106"	"Donor-9-DM"
"25078_3_107"	"3318"	"E11"	"107"	"Donor-9-DM"
"25078_3_108"	"3318"	"E12"	"108"	"Donor-9-DM"
"25078_3_109"	"3318"	"E13"	"109"	"Donor-9-EM"
"25078_3_110"	"3318"	"E14"	"110"	"Donor-9-EM"
"25078_3_111"	"3318"	"E15"	"111"	"Donor-9-EM"
"25078_3_112"	"3318"	"E16"	"112"	"Donor-9-EM"
"25078_3_113"	"3318"	"E17"	"113"	"Donor-9-EM"
"25078_3_114"	"3318"	"E18"	"114"	"Donor-9-EM"
"25078_3_115"	"3318"	"E19"	"115"	"Donor-9-EM"
"25078_3_116"	"3318"	"E20"	"116"	"Donor-9-EM"
"25078_3_117"	"3318"	"E21"	"117"	"Donor-9-EM"
"25078_3_118"	"3318"	"E22"	"118"	"Donor-9-EM"
"25078_3_119"	"3318"	"E23"	"119"	"Donor-9-EM"
"25078_3_120"	"3318"	"E24"	"120"	"Donor-9-EM"
"25078_3_121"	"3318"	"F01"	"121"	"Donor-9-DM"
"25078_3_122"	"3318"	"F02"	"122"	"Donor-9-DM"
"25078_3_123"	"3318"	"F03"	"123"	"Donor-9-DM"
"25078_3_124"	"3318"	"F04"	"124"	"Donor-9-DM"
"25078_3_125"	"3318"	"F05"	"125"	"Donor-9-DM"
"25078_3_126"	"3318"	"F06"	"126"	"Donor-9-DM"
"25078_3_127"	"3318"	"F07"	"127"	"Donor-9-DM"
"25078_3_128"	"3318"	"F08"	"128"	"Donor-9-DM"
"25078_3_129"	"3318"	"F09"	"129"	"Donor-9-DM"
"25078_3_130"	"3318"	"F10"	"130"	"Donor-9-DM"
"25078_3_131"	"3318"	"F11"	"131"	"Donor-9-DM"
"25078_3_132"	"3318"	"F12"	"132"	"Donor-9-DM"
"25078_3_133"	"3318"	"F13"	"133"	"Donor-9-EM"
"25078_3_134"	"3318"	"F14"	"134"	"Donor-9-EM"
"25078_3_135"	"3318"	"F15"	"135"	"Donor-9-EM"
"25078_3_136"	"3318"	"F16"	"136"	"Donor-9-EM"
"25078_3_137"	"3318"	"F17"	"137"	"Donor-9-EM"
"25078_3_138"	"3318"	"F18"	"138"	"Donor-9-EM"
"25078_3_139"	"3318"	"F19"	"139"	"Donor-9-EM"
"25078_3_140"	"3318"	"F20"	"140"	"Donor-9-EM"
"25078_3_141"	"3318"	"F21"	"141"	"Donor-9-EM"
"25078_3_142"	"3318"	"F22"	"142"	"Donor-9-EM"
"25078_3_143"	"3318"	"F23"	"143"	"Donor-9-EM"
"25078_3_144"	"3318"	"F24"	"144"	"Donor-9-EM"
"25078_3_145"	"3318"	"G01"	"145"	"Donor-9-DM"
"25078_3_146"	"3318"	"G02"	"146"	"Donor-9-DM"
"25078_3_147"	"3318"	"G03"	"147"	"Donor-9-DM"
"25078_3_148"	"3318"	"G04"	"148"	"Donor-9-DM"
"25078_3_149"	"3318"	"G05"	"149"	"Donor-9-DM"
"25078_3_150"	"3318"	"G06"	"150"	"Donor-9-DM"
"25078_3_151"	"3318"	"G07"	"151"	"Donor-9-DM"
"25078_3_152"	"3318"	"G08"	"152"	"Donor-9-DM"
"25078_3_153"	"3318"	"G09"	"153"	"Donor-9-DM"
"25078_3_154"	"3318"	"G10"	"154"	"Donor-9-DM"
"25078_3_155"	"3318"	"G11"	"155"	"Donor-9-DM"
"25078_3_156"	"3318"	"G12"	"156"	"Donor-9-DM"
"25078_3_157"	"3318"	"G13"	"157"	"Donor-9-EM"
"25078_3_158"	"3318"	"G14"	"158"	"Donor-9-EM"
"25078_3_159"	"3318"	"G15"	"159"	"Donor-9-EM"
"25078_3_160"	"3318"	"G16"	"160"	"Donor-9-EM"
"25078_3_161"	"3318"	"G17"	"161"	"Donor-9-EM"
"25078_3_162"	"3318"	"G18"	"162"	"Donor-9-EM"
"25078_3_163"	"3318"	"G19"	"163"	"Donor-9-EM"
"25078_3_164"	"3318"	"G20"	"164"	"Donor-9-EM"
"25078_3_165"	"3318"	"G21"	"165"	"Donor-9-EM"
"25078_3_166"	"3318"	"G22"	"166"	"Donor-9-EM"
"25078_3_167"	"3318"	"G23"	"167"	"Donor-9-EM"
"25078_3_168"	"3318"	"G24"	"168"	"Donor-9-EM"
"25078_3_169"	"3318"	"H01"	"169"	"Donor-9-DM"
"25078_3_170"	"3318"	"H02"	"170"	"Donor-9-DM"
"25078_3_171"	"3318"	"H03"	"171"	"Donor-9-DM"
"25078_3_172"	"3318"	"H04"	"172"	"Donor-9-DM"
"25078_3_173"	"3318"	"H05"	"173"	"Donor-9-DM"
"25078_3_174"	"3318"	"H06"	"174"	"Donor-9-DM"
"25078_3_175"	"3318"	"H07"	"175"	"Donor-9-DM"
"25078_3_176"	"3318"	"H08"	"176"	"Donor-9-DM"
"25078_3_177"	"3318"	"H09"	"177"	"Donor-9-DM"
"25078_3_178"	"3318"	"H10"	"178"	"Donor-9-DM"
"25078_3_179"	"3318"	"H11"	"179"	"Donor-9-DM"
"25078_3_180"	"3318"	"H12"	"180"	"Donor-9-DM"
"25078_3_181"	"3318"	"H13"	"181"	"Donor-9-EM"
"25078_3_182"	"3318"	"H14"	"182"	"Donor-9-EM"
"25078_3_183"	"3318"	"H15"	"183"	"Donor-9-EM"
"25078_3_184"	"3318"	"H16"	"184"	"Donor-9-EM"
"25078_3_185"	"3318"	"H17"	"185"	"Donor-9-EM"
"25078_3_186"	"3318"	"H18"	"186"	"Donor-9-EM"
"25078_3_187"	"3318"	"H19"	"187"	"Donor-9-EM"
"25078_3_188"	"3318"	"H20"	"188"	"Donor-9-EM"
"25078_3_189"	"3318"	"H21"	"189"	"Donor-9-EM"
"25078_3_190"	"3318"	"H22"	"190"	"Donor-9-EM"
"25078_3_191"	"3318"	"H23"	"191"	"Donor-9-EM"
"25078_3_192"	"3318"	"H24"	"192"	"Donor-9-EM"
"25078_3_193"	"3318"	"I01"	"193"	"Donor-9-DM"
"25078_3_194"	"3318"	"I02"	"194"	"Donor-9-DM"
"25078_3_195"	"3318"	"I03"	"195"	"Donor-9-DM"
"25078_3_196"	"3318"	"I04"	"196"	"Donor-9-DM"
"25078_3_197"	"3318"	"I05"	"197"	"Donor-9-DM"
"25078_3_198"	"3318"	"I06"	"198"	"Donor-9-DM"
"25078_3_199"	"3318"	"I07"	"199"	"Donor-9-DM"
"25078_3_200"	"3318"	"I08"	"200"	"Donor-9-DM"
"25078_3_201"	"3318"	"I09"	"201"	"Donor-9-DM"
"25078_3_202"	"3318"	"I10"	"202"	"Donor-9-DM"
"25078_3_203"	"3318"	"I11"	"203"	"Donor-9-DM"
"25078_3_204"	"3318"	"I12"	"204"	"Donor-9-DM"
"25078_3_205"	"3318"	"I13"	"205"	"Donor-9-EM"
"25078_3_206"	"3318"	"I14"	"206"	"Donor-9-EM"
"25078_3_207"	"3318"	"I15"	"207"	"Donor-9-EM"
"25078_3_208"	"3318"	"I16"	"208"	"Donor-9-EM"
"25078_3_209"	"3318"	"I17"	"209"	"Donor-9-EM"
"25078_3_210"	"3318"	"I18"	"210"	"Donor-9-EM"
"25078_3_211"	"3318"	"I19"	"211"	"Donor-9-EM"
"25078_3_212"	"3318"	"I20"	"212"	"Donor-9-EM"
"25078_3_213"	"3318"	"I21"	"213"	"Donor-9-EM"
"25078_3_214"	"3318"	"I22"	"214"	"Donor-9-EM"
"25078_3_215"	"3318"	"I23"	"215"	"Donor-9-EM"
"25078_3_216"	"3318"	"I24"	"216"	"Donor-9-EM"
"25078_3_217"	"3318"	"J01"	"217"	"Donor-9-DM"
"25078_3_218"	"3318"	"J02"	"218"	"Donor-9-DM"
"25078_3_219"	"3318"	"J03"	"219"	"Donor-9-DM"
"25078_3_220"	"3318"	"J04"	"220"	"Donor-9-DM"
"25078_3_221"	"3318"	"J05"	"221"	"Donor-9-DM"
"25078_3_222"	"3318"	"J06"	"222"	"Donor-9-DM"
"25078_3_223"	"3318"	"J07"	"223"	"Donor-9-DM"
"25078_3_224"	"3318"	"J08"	"224"	"Donor-9-DM"
"25078_3_225"	"3318"	"J09"	"225"	"Donor-9-DM"
"25078_3_226"	"3318"	"J10"	"226"	"Donor-9-DM"
"25078_3_227"	"3318"	"J11"	"227"	"Donor-9-DM"
"25078_3_228"	"3318"	"J12"	"228"	"Donor-9-DM"
"25078_3_229"	"3318"	"J13"	"229"	"Donor-9-EM"
"25078_3_230"	"3318"	"J14"	"230"	"Donor-9-EM"
"25078_3_231"	"3318"	"J15"	"231"	"Donor-9-EM"
"25078_3_232"	"3318"	"J16"	"232"	"Donor-9-EM"
"25078_3_233"	"3318"	"J17"	"233"	"Donor-9-EM"
"25078_3_234"	"3318"	"J18"	"234"	"Donor-9-EM"
"25078_3_235"	"3318"	"J19"	"235"	"Donor-9-EM"
"25078_3_236"	"3318"	"J20"	"236"	"Donor-9-EM"
"25078_3_237"	"3318"	"J21"	"237"	"Donor-9-EM"
"25078_3_238"	"3318"	"J22"	"238"	"Donor-9-EM"
"25078_3_239"	"3318"	"J23"	"239"	"Donor-9-EM"
"25078_3_240"	"3318"	"J24"	"240"	"Donor-9-EM"
"25078_3_241"	"3318"	"K01"	"241"	"Donor-9-DM"
"25078_3_242"	"3318"	"K02"	"242"	"Donor-9-DM"
"25078_3_243"	"3318"	"K03"	"243"	"Donor-9-DM"
"25078_3_244"	"3318"	"K04"	"244"	"Donor-9-DM"
"25078_3_245"	"3318"	"K05"	"245"	"Donor-9-DM"
"25078_3_246"	"3318"	"K06"	"246"	"Donor-9-DM"
"25078_3_247"	"3318"	"K07"	"247"	"Donor-9-DM"
"25078_3_248"	"3318"	"K08"	"248"	"Donor-9-DM"
"25078_3_249"	"3318"	"K09"	"249"	"Donor-9-DM"
"25078_3_250"	"3318"	"K10"	"250"	"Donor-9-DM"
"25078_3_251"	"3318"	"K11"	"251"	"Donor-9-DM"
"25078_3_252"	"3318"	"K12"	"252"	"Donor-9-DM"
"25078_3_253"	"3318"	"K13"	"253"	"Donor-9-EM"
"25078_3_254"	"3318"	"K14"	"254"	"Donor-9-EM"
"25078_3_255"	"3318"	"K15"	"255"	"Donor-9-EM"
"25078_3_256"	"3318"	"K16"	"256"	"Donor-9-EM"
"25078_3_257"	"3318"	"K17"	"257"	"Donor-9-EM"
"25078_3_258"	"3318"	"K18"	"258"	"Donor-9-EM"
"25078_3_259"	"3318"	"K19"	"259"	"Donor-9-EM"
"25078_3_260"	"3318"	"K20"	"260"	"Donor-9-EM"
"25078_3_261"	"3318"	"K21"	"261"	"Donor-9-EM"
"25078_3_262"	"3318"	"K22"	"262"	"Donor-9-EM"
"25078_3_263"	"3318"	"K23"	"263"	"Donor-9-EM"
"25078_3_264"	"3318"	"K24"	"264"	"Donor-9-EM"
"25078_3_265"	"3318"	"L01"	"265"	"Donor-9-DM"
"25078_3_266"	"3318"	"L02"	"266"	"Donor-9-DM"
"25078_3_267"	"3318"	"L03"	"267"	"Donor-9-DM"
"25078_3_268"	"3318"	"L04"	"268"	"Donor-9-DM"
"25078_3_269"	"3318"	"L05"	"269"	"Donor-9-DM"
"25078_3_270"	"3318"	"L06"	"270"	"Donor-9-DM"
"25078_3_271"	"3318"	"L07"	"271"	"Donor-9-DM"
"25078_3_272"	"3318"	"L08"	"272"	"Donor-9-DM"
"25078_3_273"	"3318"	"L09"	"273"	"Donor-9-DM"
"25078_3_274"	"3318"	"L10"	"274"	"Donor-9-DM"
"25078_3_275"	"3318"	"L11"	"275"	"Donor-9-DM"
"25078_3_276"	"3318"	"L12"	"276"	"Donor-9-DM"
"25078_3_277"	"3318"	"L13"	"277"	"Donor-9-EM"
"25078_3_278"	"3318"	"L14"	"278"	"Donor-9-EM"
"25078_3_279"	"3318"	"L15"	"279"	"Donor-9-EM"
"25078_3_280"	"3318"	"L16"	"280"	"Donor-9-EM"
"25078_3_281"	"3318"	"L17"	"281"	"Donor-9-EM"
"25078_3_282"	"3318"	"L18"	"282"	"Donor-9-EM"
"25078_3_283"	"3318"	"L19"	"283"	"Donor-9-EM"
"25078_3_284"	"3318"	"L20"	"284"	"Donor-9-EM"
"25078_3_285"	"3318"	"L21"	"285"	"Donor-9-EM"
"25078_3_286"	"3318"	"L22"	"286"	"Donor-9-EM"
"25078_3_287"	"3318"	"L23"	"287"	"Donor-9-EM"
"25078_3_288"	"3318"	"L24"	"288"	"Donor-9-EM"
"25078_3_289"	"3318"	"M01"	"289"	"Donor-9-DM"
"25078_3_290"	"3318"	"M02"	"290"	"Donor-9-DM"
"25078_3_291"	"3318"	"M03"	"291"	"Donor-9-DM"
"25078_3_292"	"3318"	"M04"	"292"	"Donor-9-DM"
"25078_3_293"	"3318"	"M05"	"293"	"Donor-9-DM"
"25078_3_294"	"3318"	"M06"	"294"	"Donor-9-DM"
"25078_3_295"	"3318"	"M07"	"295"	"Donor-9-DM"
"25078_3_296"	"3318"	"M08"	"296"	"Donor-9-DM"
"25078_3_297"	"3318"	"M09"	"297"	"Donor-9-DM"
"25078_3_298"	"3318"	"M10"	"298"	"Donor-9-DM"
"25078_3_299"	"3318"	"M11"	"299"	"Donor-9-DM"
"25078_3_300"	"3318"	"M12"	"300"	"Donor-9-DM"
"25078_3_301"	"3318"	"M13"	"301"	"Donor-9-EM"
"25078_3_302"	"3318"	"M14"	"302"	"Donor-9-EM"
"25078_3_303"	"3318"	"M15"	"303"	"Donor-9-EM"
"25078_3_304"	"3318"	"M16"	"304"	"Donor-9-EM"
"25078_3_305"	"3318"	"M17"	"305"	"Donor-9-EM"
"25078_3_306"	"3318"	"M18"	"306"	"Donor-9-EM"
"25078_3_307"	"3318"	"M19"	"307"	"Donor-9-EM"
"25078_3_308"	"3318"	"M20"	"308"	"Donor-9-EM"
"25078_3_309"	"3318"	"M21"	"309"	"Donor-9-EM"
"25078_3_310"	"3318"	"M22"	"310"	"Donor-9-EM"
"25078_3_311"	"3318"	"M23"	"311"	"Donor-9-EM"
"25078_3_312"	"3318"	"M24"	"312"	"Donor-9-EM"
"25078_3_313"	"3318"	"N01"	"313"	"Donor-9-DM"
"25078_3_314"	"3318"	"N02"	"314"	"Donor-9-DM"
"25078_3_315"	"3318"	"N03"	"315"	"Donor-9-DM"
"25078_3_316"	"3318"	"N04"	"316"	"Donor-9-DM"
"25078_3_317"	"3318"	"N05"	"317"	"Donor-9-DM"
"25078_3_318"	"3318"	"N06"	"318"	"Donor-9-DM"
"25078_3_319"	"3318"	"N07"	"319"	"Donor-9-DM"
"25078_3_320"	"3318"	"N08"	"320"	"Donor-9-DM"
"25078_3_321"	"3318"	"N09"	"321"	"Donor-9-DM"
"25078_3_322"	"3318"	"N10"	"322"	"Donor-9-DM"
"25078_3_323"	"3318"	"N11"	"323"	"Donor-9-DM"
"25078_3_324"	"3318"	"N12"	"324"	"Donor-9-DM"
"25078_3_325"	"3318"	"N13"	"325"	"Donor-9-EM"
"25078_3_326"	"3318"	"N14"	"326"	"Donor-9-EM"
"25078_3_327"	"3318"	"N15"	"327"	"Donor-9-EM"
"25078_3_328"	"3318"	"N16"	"328"	"Donor-9-EM"
"25078_3_329"	"3318"	"N17"	"329"	"Donor-9-EM"
"25078_3_330"	"3318"	"N18"	"330"	"Donor-9-EM"
"25078_3_331"	"3318"	"N19"	"331"	"Donor-9-EM"
"25078_3_332"	"3318"	"N20"	"332"	"Donor-9-EM"
"25078_3_333"	"3318"	"N21"	"333"	"Donor-9-EM"
"25078_3_334"	"3318"	"N22"	"334"	"Donor-9-EM"
"25078_3_335"	"3318"	"N23"	"335"	"Donor-9-EM"
"25078_3_336"	"3318"	"N24"	"336"	"Donor-9-EM"
"25078_3_337"	"3318"	"O01"	"337"	"Donor-9-DM"
"25078_3_338"	"3318"	"O02"	"338"	"Donor-9-DM"
"25078_3_339"	"3318"	"O03"	"339"	"Donor-9-DM"
"25078_3_340"	"3318"	"O04"	"340"	"Donor-9-DM"
"25078_3_341"	"3318"	"O05"	"341"	"Donor-9-DM"
"25078_3_342"	"3318"	"O06"	"342"	"Donor-9-DM"
"25078_3_343"	"3318"	"O07"	"343"	"Donor-9-DM"
"25078_3_344"	"3318"	"O08"	"344"	"Donor-9-DM"
"25078_3_345"	"3318"	"O09"	"345"	"Donor-9-DM"
"25078_3_346"	"3318"	"O10"	"346"	"Donor-9-DM"
"25078_3_347"	"3318"	"O11"	"347"	"Donor-9-DM"
"25078_3_348"	"3318"	"O12"	"348"	"Donor-9-DM"
"25078_3_349"	"3318"	"O13"	"349"	"Donor-9-EM"
"25078_3_350"	"3318"	"O14"	"350"	"Donor-9-EM"
"25078_3_351"	"3318"	"O15"	"351"	"Donor-9-EM"
"25078_3_352"	"3318"	"O16"	"352"	"Donor-9-EM"
"25078_3_353"	"3318"	"O17"	"353"	"Donor-9-EM"
"25078_3_354"	"3318"	"O18"	"354"	"Donor-9-EM"
"25078_3_355"	"3318"	"O19"	"355"	"Donor-9-EM"
"25078_3_356"	"3318"	"O20"	"356"	"Donor-9-EM"
"25078_3_357"	"3318"	"O21"	"357"	"Donor-9-EM"
"25078_3_358"	"3318"	"O22"	"358"	"Donor-9-EM"
"25078_3_359"	"3318"	"O23"	"359"	"Donor-9-EM"
"25078_3_360"	"3318"	"O24"	"360"	"Donor-9-EM"
"25078_3_361"	"3318"	"P01"	"361"	"Donor-9-DM"
"25078_3_362"	"3318"	"P02"	"362"	"Donor-9-DM"
"25078_3_363"	"3318"	"P03"	"363"	"Donor-9-DM"
"25078_3_364"	"3318"	"P04"	"364"	"Donor-9-DM"
"25078_3_365"	"3318"	"P05"	"365"	"Donor-9-DM"
"25078_3_366"	"3318"	"P06"	"366"	"Donor-9-DM"
"25078_3_367"	"3318"	"P07"	"367"	"Donor-9-DM"
"25078_3_368"	"3318"	"P08"	"368"	"Donor-9-DM"
"25078_3_369"	"3318"	"P09"	"369"	"Donor-9-DM"
"25078_3_370"	"3318"	"P10"	"370"	"Donor-9-DM"
"25078_3_371"	"3318"	"P11"	"371"	"Donor-9-DM"
"25078_3_372"	"3318"	"P12"	"372"	"Donor-9-DM"
"25078_3_373"	"3318"	"P13"	"373"	"Donor-9-EM"
"25078_3_374"	"3318"	"P14"	"374"	"Donor-9-EM"
"25078_3_375"	"3318"	"P15"	"375"	"Donor-9-EM"
"25078_3_376"	"3318"	"P16"	"376"	"Donor-9-EM"
"25078_3_377"	"3318"	"P17"	"377"	"Donor-9-EM"
"25078_3_378"	"3318"	"P18"	"378"	"Donor-9-EM"
"25078_3_379"	"3318"	"P19"	"379"	"Donor-9-EM"
"25078_3_380"	"3318"	"P20"	"380"	"Donor-9-EM"
"25078_3_381"	"3318"	"P21"	"381"	"no cells"
"25078_3_382"	"3318"	"P22"	"382"	"no cells"
"25078_3_383"	"3318"	"P23"	"383"	"no cells"
"25078_3_384"	"3318"	"P24"	"384"	"no cells"
"25014_6_1"	"3319"	"A01"	"1"	"50cells Donor-9-EM"
"25014_6_2"	"3319"	"A02"	"2"	"25cells Donor-9-EM"
"25014_6_3"	"3319"	"A03"	"3"	"Donor-9-EM"
"25014_6_4"	"3319"	"A04"	"4"	"Donor-9-EM"
"25014_6_5"	"3319"	"A05"	"5"	"Donor-9-EM"
"25014_6_6"	"3319"	"A06"	"6"	"Donor-9-EM"
"25014_6_7"	"3319"	"A07"	"7"	"Donor-9-EM"
"25014_6_8"	"3319"	"A08"	"8"	"Donor-9-EM"
"25014_6_9"	"3319"	"A09"	"9"	"Donor-9-EM"
"25014_6_10"	"3319"	"A10"	"10"	"Donor-9-EM"
"25014_6_11"	"3319"	"A11"	"11"	"Donor-9-EM"
"25014_6_12"	"3319"	"A12"	"12"	"Donor-9-EM"
"25014_6_13"	"3319"	"A13"	"13"	"Donor-9-DM"
"25014_6_14"	"3319"	"A14"	"14"	"Donor-9-DM"
"25014_6_15"	"3319"	"A15"	"15"	"Donor-9-DM"
"25014_6_16"	"3319"	"A16"	"16"	"Donor-9-DM"
"25014_6_17"	"3319"	"A17"	"17"	"Donor-9-DM"
"25014_6_18"	"3319"	"A18"	"18"	"Donor-9-DM"
"25014_6_19"	"3319"	"A19"	"19"	"Donor-9-DM"
"25014_6_20"	"3319"	"A20"	"20"	"Donor-9-DM"
"25014_6_21"	"3319"	"A21"	"21"	"Donor-9-DM"
"25014_6_22"	"3319"	"A22"	"22"	"Donor-9-DM"
"25014_6_23"	"3319"	"A23"	"23"	"Donor-9-DM"
"25014_6_24"	"3319"	"A24"	"24"	"Donor-9-DM"
"25014_6_25"	"3319"	"B01"	"25"	"50cells Donor-9-DM"
"25014_6_26"	"3319"	"B02"	"26"	"25cells Donor-9-DM"
"25014_6_27"	"3319"	"B03"	"27"	"Donor-9-EM"
"25014_6_28"	"3319"	"B04"	"28"	"Donor-9-EM"
"25014_6_29"	"3319"	"B05"	"29"	"Donor-9-EM"
"25014_6_30"	"3319"	"B06"	"30"	"Donor-9-EM"
"25014_6_31"	"3319"	"B07"	"31"	"Donor-9-EM"
"25014_6_32"	"3319"	"B08"	"32"	"Donor-9-EM"
"25014_6_33"	"3319"	"B09"	"33"	"Donor-9-EM"
"25014_6_34"	"3319"	"B10"	"34"	"Donor-9-EM"
"25014_6_35"	"3319"	"B11"	"35"	"Donor-9-EM"
"25014_6_36"	"3319"	"B12"	"36"	"Donor-9-EM"
"25014_6_37"	"3319"	"B13"	"37"	"Donor-9-DM"
"25014_6_38"	"3319"	"B14"	"38"	"Donor-9-DM"
"25014_6_39"	"3319"	"B15"	"39"	"Donor-9-DM"
"25014_6_40"	"3319"	"B16"	"40"	"Donor-9-DM"
"25014_6_41"	"3319"	"B17"	"41"	"Donor-9-DM"
"25014_6_42"	"3319"	"B18"	"42"	"Donor-9-DM"
"25014_6_43"	"3319"	"B19"	"43"	"Donor-9-DM"
"25014_6_44"	"3319"	"B20"	"44"	"Donor-9-DM"
"25014_6_45"	"3319"	"B21"	"45"	"Donor-9-DM"
"25014_6_46"	"3319"	"B22"	"46"	"Donor-9-DM"
"25014_6_47"	"3319"	"B23"	"47"	"Donor-9-DM"
"25014_6_48"	"3319"	"B24"	"48"	"Donor-9-DM"
"25014_6_49"	"3319"	"C01"	"49"	"Donor-9-EM"
"25014_6_50"	"3319"	"C02"	"50"	"Donor-9-EM"
"25014_6_51"	"3319"	"C03"	"51"	"Donor-9-EM"
"25014_6_52"	"3319"	"C04"	"52"	"Donor-9-EM"
"25014_6_53"	"3319"	"C05"	"53"	"Donor-9-EM"
"25014_6_54"	"3319"	"C06"	"54"	"Donor-9-EM"
"25014_6_55"	"3319"	"C07"	"55"	"Donor-9-EM"
"25014_6_56"	"3319"	"C08"	"56"	"Donor-9-EM"
"25014_6_57"	"3319"	"C09"	"57"	"Donor-9-EM"
"25014_6_58"	"3319"	"C10"	"58"	"Donor-9-EM"
"25014_6_59"	"3319"	"C11"	"59"	"Donor-9-EM"
"25014_6_60"	"3319"	"C12"	"60"	"Donor-9-EM"
"25014_6_61"	"3319"	"C13"	"61"	"Donor-9-DM"
"25014_6_62"	"3319"	"C14"	"62"	"Donor-9-DM"
"25014_6_63"	"3319"	"C15"	"63"	"Donor-9-DM"
"25014_6_64"	"3319"	"C16"	"64"	"Donor-9-DM"
"25014_6_65"	"3319"	"C17"	"65"	"Donor-9-DM"
"25014_6_66"	"3319"	"C18"	"66"	"Donor-9-DM"
"25014_6_67"	"3319"	"C19"	"67"	"Donor-9-DM"
"25014_6_68"	"3319"	"C20"	"68"	"Donor-9-DM"
"25014_6_69"	"3319"	"C21"	"69"	"Donor-9-DM"
"25014_6_70"	"3319"	"C22"	"70"	"Donor-9-DM"
"25014_6_71"	"3319"	"C23"	"71"	"Donor-9-DM"
"25014_6_72"	"3319"	"C24"	"72"	"Donor-9-DM"
"25014_6_73"	"3319"	"D01"	"73"	"Donor-9-EM"
"25014_6_74"	"3319"	"D02"	"74"	"Donor-9-EM"
"25014_6_75"	"3319"	"D03"	"75"	"Donor-9-EM"
"25014_6_76"	"3319"	"D04"	"76"	"Donor-9-EM"
"25014_6_77"	"3319"	"D05"	"77"	"Donor-9-EM"
"25014_6_78"	"3319"	"D06"	"78"	"Donor-9-EM"
"25014_6_79"	"3319"	"D07"	"79"	"Donor-9-EM"
"25014_6_80"	"3319"	"D08"	"80"	"Donor-9-EM"
"25014_6_81"	"3319"	"D09"	"81"	"Donor-9-EM"
"25014_6_82"	"3319"	"D10"	"82"	"Donor-9-EM"
"25014_6_83"	"3319"	"D11"	"83"	"Donor-9-EM"
"25014_6_84"	"3319"	"D12"	"84"	"Donor-9-EM"
"25014_6_85"	"3319"	"D13"	"85"	"Donor-9-DM"
"25014_6_86"	"3319"	"D14"	"86"	"Donor-9-DM"
"25014_6_87"	"3319"	"D15"	"87"	"Donor-9-DM"
"25014_6_88"	"3319"	"D16"	"88"	"Donor-9-DM"
"25014_6_89"	"3319"	"D17"	"89"	"Donor-9-DM"
"25014_6_90"	"3319"	"D18"	"90"	"Donor-9-DM"
"25014_6_91"	"3319"	"D19"	"91"	"Donor-9-DM"
"25014_6_92"	"3319"	"D20"	"92"	"Donor-9-DM"
"25014_6_93"	"3319"	"D21"	"93"	"Donor-9-DM"
"25014_6_94"	"3319"	"D22"	"94"	"Donor-9-DM"
"25014_6_95"	"3319"	"D23"	"95"	"Donor-9-DM"
"25014_6_96"	"3319"	"D24"	"96"	"Donor-9-DM"
"25014_6_97"	"3319"	"E01"	"97"	"Donor-9-EM"
"25014_6_98"	"3319"	"E02"	"98"	"Donor-9-EM"
"25014_6_99"	"3319"	"E03"	"99"	"Donor-9-EM"
"25014_6_100"	"3319"	"E04"	"100"	"Donor-9-EM"
"25014_6_101"	"3319"	"E05"	"101"	"Donor-9-EM"
"25014_6_102"	"3319"	"E06"	"102"	"Donor-9-EM"
"25014_6_103"	"3319"	"E07"	"103"	"Donor-9-EM"
"25014_6_104"	"3319"	"E08"	"104"	"Donor-9-EM"
"25014_6_105"	"3319"	"E09"	"105"	"Donor-9-EM"
"25014_6_106"	"3319"	"E10"	"106"	"Donor-9-EM"
"25014_6_107"	"3319"	"E11"	"107"	"Donor-9-EM"
"25014_6_108"	"3319"	"E12"	"108"	"Donor-9-EM"
"25014_6_109"	"3319"	"E13"	"109"	"Donor-9-DM"
"25014_6_110"	"3319"	"E14"	"110"	"Donor-9-DM"
"25014_6_111"	"3319"	"E15"	"111"	"Donor-9-DM"
"25014_6_112"	"3319"	"E16"	"112"	"Donor-9-DM"
"25014_6_113"	"3319"	"E17"	"113"	"Donor-9-DM"
"25014_6_114"	"3319"	"E18"	"114"	"Donor-9-DM"
"25014_6_115"	"3319"	"E19"	"115"	"Donor-9-DM"
"25014_6_116"	"3319"	"E20"	"116"	"Donor-9-DM"
"25014_6_117"	"3319"	"E21"	"117"	"Donor-9-DM"
"25014_6_118"	"3319"	"E22"	"118"	"Donor-9-DM"
"25014_6_119"	"3319"	"E23"	"119"	"Donor-9-DM"
"25014_6_120"	"3319"	"E24"	"120"	"Donor-9-DM"
"25014_6_121"	"3319"	"F01"	"121"	"Donor-9-EM"
"25014_6_122"	"3319"	"F02"	"122"	"Donor-9-EM"
"25014_6_123"	"3319"	"F03"	"123"	"Donor-9-EM"
"25014_6_124"	"3319"	"F04"	"124"	"Donor-9-EM"
"25014_6_125"	"3319"	"F05"	"125"	"Donor-9-EM"
"25014_6_126"	"3319"	"F06"	"126"	"Donor-9-EM"
"25014_6_127"	"3319"	"F07"	"127"	"Donor-9-EM"
"25014_6_128"	"3319"	"F08"	"128"	"Donor-9-EM"
"25014_6_129"	"3319"	"F09"	"129"	"Donor-9-EM"
"25014_6_130"	"3319"	"F10"	"130"	"Donor-9-EM"
"25014_6_131"	"3319"	"F11"	"131"	"Donor-9-EM"
"25014_6_132"	"3319"	"F12"	"132"	"Donor-9-EM"
"25014_6_133"	"3319"	"F13"	"133"	"Donor-9-DM"
"25014_6_134"	"3319"	"F14"	"134"	"Donor-9-DM"
"25014_6_135"	"3319"	"F15"	"135"	"Donor-9-DM"
"25014_6_136"	"3319"	"F16"	"136"	"Donor-9-DM"
"25014_6_137"	"3319"	"F17"	"137"	"Donor-9-DM"
"25014_6_138"	"3319"	"F18"	"138"	"Donor-9-DM"
"25014_6_139"	"3319"	"F19"	"139"	"Donor-9-DM"
"25014_6_140"	"3319"	"F20"	"140"	"Donor-9-DM"
"25014_6_141"	"3319"	"F21"	"141"	"Donor-9-DM"
"25014_6_142"	"3319"	"F22"	"142"	"Donor-9-DM"
"25014_6_143"	"3319"	"F23"	"143"	"Donor-9-DM"
"25014_6_144"	"3319"	"F24"	"144"	"Donor-9-DM"
"25014_6_145"	"3319"	"G01"	"145"	"Donor-9-EM"
"25014_6_146"	"3319"	"G02"	"146"	"Donor-9-EM"
"25014_6_147"	"3319"	"G03"	"147"	"Donor-9-EM"
"25014_6_148"	"3319"	"G04"	"148"	"Donor-9-EM"
"25014_6_149"	"3319"	"G05"	"149"	"Donor-9-EM"
"25014_6_150"	"3319"	"G06"	"150"	"Donor-9-EM"
"25014_6_151"	"3319"	"G07"	"151"	"Donor-9-EM"
"25014_6_152"	"3319"	"G08"	"152"	"Donor-9-EM"
"25014_6_153"	"3319"	"G09"	"153"	"Donor-9-EM"
"25014_6_154"	"3319"	"G10"	"154"	"Donor-9-EM"
"25014_6_155"	"3319"	"G11"	"155"	"Donor-9-EM"
"25014_6_156"	"3319"	"G12"	"156"	"Donor-9-EM"
"25014_6_157"	"3319"	"G13"	"157"	"Donor-9-DM"
"25014_6_158"	"3319"	"G14"	"158"	"Donor-9-DM"
"25014_6_159"	"3319"	"G15"	"159"	"Donor-9-DM"
"25014_6_160"	"3319"	"G16"	"160"	"Donor-9-DM"
"25014_6_161"	"3319"	"G17"	"161"	"Donor-9-DM"
"25014_6_162"	"3319"	"G18"	"162"	"Donor-9-DM"
"25014_6_163"	"3319"	"G19"	"163"	"Donor-9-DM"
"25014_6_164"	"3319"	"G20"	"164"	"Donor-9-DM"
"25014_6_165"	"3319"	"G21"	"165"	"Donor-9-DM"
"25014_6_166"	"3319"	"G22"	"166"	"Donor-9-DM"
"25014_6_167"	"3319"	"G23"	"167"	"Donor-9-DM"
"25014_6_168"	"3319"	"G24"	"168"	"Donor-9-DM"
"25014_6_169"	"3319"	"H01"	"169"	"Donor-9-EM"
"25014_6_170"	"3319"	"H02"	"170"	"Donor-9-EM"
"25014_6_171"	"3319"	"H03"	"171"	"Donor-9-EM"
"25014_6_172"	"3319"	"H04"	"172"	"Donor-9-EM"
"25014_6_173"	"3319"	"H05"	"173"	"Donor-9-EM"
"25014_6_174"	"3319"	"H06"	"174"	"Donor-9-EM"
"25014_6_175"	"3319"	"H07"	"175"	"Donor-9-EM"
"25014_6_176"	"3319"	"H08"	"176"	"Donor-9-EM"
"25014_6_177"	"3319"	"H09"	"177"	"Donor-9-EM"
"25014_6_178"	"3319"	"H10"	"178"	"Donor-9-EM"
"25014_6_179"	"3319"	"H11"	"179"	"Donor-9-EM"
"25014_6_180"	"3319"	"H12"	"180"	"Donor-9-EM"
"25014_6_181"	"3319"	"H13"	"181"	"Donor-9-DM"
"25014_6_182"	"3319"	"H14"	"182"	"Donor-9-DM"
"25014_6_183"	"3319"	"H15"	"183"	"Donor-9-DM"
"25014_6_184"	"3319"	"H16"	"184"	"Donor-9-DM"
"25014_6_185"	"3319"	"H17"	"185"	"Donor-9-DM"
"25014_6_186"	"3319"	"H18"	"186"	"Donor-9-DM"
"25014_6_187"	"3319"	"H19"	"187"	"Donor-9-DM"
"25014_6_188"	"3319"	"H20"	"188"	"Donor-9-DM"
"25014_6_189"	"3319"	"H21"	"189"	"Donor-9-DM"
"25014_6_190"	"3319"	"H22"	"190"	"Donor-9-DM"
"25014_6_191"	"3319"	"H23"	"191"	"Donor-9-DM"
"25014_6_192"	"3319"	"H24"	"192"	"Donor-9-DM"
"25014_6_193"	"3319"	"I01"	"193"	"Donor-9-EM"
"25014_6_194"	"3319"	"I02"	"194"	"Donor-9-EM"
"25014_6_195"	"3319"	"I03"	"195"	"Donor-9-EM"
"25014_6_196"	"3319"	"I04"	"196"	"Donor-9-EM"
"25014_6_197"	"3319"	"I05"	"197"	"Donor-9-EM"
"25014_6_198"	"3319"	"I06"	"198"	"Donor-9-EM"
"25014_6_199"	"3319"	"I07"	"199"	"Donor-9-EM"
"25014_6_200"	"3319"	"I08"	"200"	"Donor-9-EM"
"25014_6_201"	"3319"	"I09"	"201"	"Donor-9-EM"
"25014_6_202"	"3319"	"I10"	"202"	"Donor-9-EM"
"25014_6_203"	"3319"	"I11"	"203"	"Donor-9-EM"
"25014_6_204"	"3319"	"I12"	"204"	"Donor-9-EM"
"25014_6_205"	"3319"	"I13"	"205"	"Donor-9-DM"
"25014_6_206"	"3319"	"I14"	"206"	"Donor-9-DM"
"25014_6_207"	"3319"	"I15"	"207"	"Donor-9-DM"
"25014_6_208"	"3319"	"I16"	"208"	"Donor-9-DM"
"25014_6_209"	"3319"	"I17"	"209"	"Donor-9-DM"
"25014_6_210"	"3319"	"I18"	"210"	"Donor-9-DM"
"25014_6_211"	"3319"	"I19"	"211"	"Donor-9-DM"
"25014_6_212"	"3319"	"I20"	"212"	"Donor-9-DM"
"25014_6_213"	"3319"	"I21"	"213"	"Donor-9-DM"
"25014_6_214"	"3319"	"I22"	"214"	"Donor-9-DM"
"25014_6_215"	"3319"	"I23"	"215"	"Donor-9-DM"
"25014_6_216"	"3319"	"I24"	"216"	"Donor-9-DM"
"25014_6_217"	"3319"	"J01"	"217"	"Donor-9-EM"
"25014_6_218"	"3319"	"J02"	"218"	"Donor-9-EM"
"25014_6_219"	"3319"	"J03"	"219"	"Donor-9-EM"
"25014_6_220"	"3319"	"J04"	"220"	"Donor-9-EM"
"25014_6_221"	"3319"	"J05"	"221"	"Donor-9-EM"
"25014_6_222"	"3319"	"J06"	"222"	"Donor-9-EM"
"25014_6_223"	"3319"	"J07"	"223"	"Donor-9-EM"
"25014_6_224"	"3319"	"J08"	"224"	"Donor-9-EM"
"25014_6_225"	"3319"	"J09"	"225"	"Donor-9-EM"
"25014_6_226"	"3319"	"J10"	"226"	"Donor-9-EM"
"25014_6_227"	"3319"	"J11"	"227"	"Donor-9-EM"
"25014_6_228"	"3319"	"J12"	"228"	"Donor-9-EM"
"25014_6_229"	"3319"	"J13"	"229"	"Donor-9-DM"
"25014_6_230"	"3319"	"J14"	"230"	"Donor-9-DM"
"25014_6_231"	"3319"	"J15"	"231"	"Donor-9-DM"
"25014_6_232"	"3319"	"J16"	"232"	"Donor-9-DM"
"25014_6_233"	"3319"	"J17"	"233"	"Donor-9-DM"
"25014_6_234"	"3319"	"J18"	"234"	"Donor-9-DM"
"25014_6_235"	"3319"	"J19"	"235"	"Donor-9-DM"
"25014_6_236"	"3319"	"J20"	"236"	"Donor-9-DM"
"25014_6_237"	"3319"	"J21"	"237"	"Donor-9-DM"
"25014_6_238"	"3319"	"J22"	"238"	"Donor-9-DM"
"25014_6_239"	"3319"	"J23"	"239"	"Donor-9-DM"
"25014_6_240"	"3319"	"J24"	"240"	"Donor-9-DM"
"25014_6_241"	"3319"	"K01"	"241"	"Donor-9-EM"
"25014_6_242"	"3319"	"K02"	"242"	"Donor-9-EM"
"25014_6_243"	"3319"	"K03"	"243"	"Donor-9-EM"
"25014_6_244"	"3319"	"K04"	"244"	"Donor-9-EM"
"25014_6_245"	"3319"	"K05"	"245"	"Donor-9-EM"
"25014_6_246"	"3319"	"K06"	"246"	"Donor-9-EM"
"25014_6_247"	"3319"	"K07"	"247"	"Donor-9-EM"
"25014_6_248"	"3319"	"K08"	"248"	"Donor-9-EM"
"25014_6_249"	"3319"	"K09"	"249"	"Donor-9-EM"
"25014_6_250"	"3319"	"K10"	"250"	"Donor-9-EM"
"25014_6_251"	"3319"	"K11"	"251"	"Donor-9-EM"
"25014_6_252"	"3319"	"K12"	"252"	"Donor-9-EM"
"25014_6_253"	"3319"	"K13"	"253"	"Donor-9-DM"
"25014_6_254"	"3319"	"K14"	"254"	"Donor-9-DM"
"25014_6_255"	"3319"	"K15"	"255"	"Donor-9-DM"
"25014_6_256"	"3319"	"K16"	"256"	"Donor-9-DM"
"25014_6_257"	"3319"	"K17"	"257"	"Donor-9-DM"
"25014_6_258"	"3319"	"K18"	"258"	"Donor-9-DM"
"25014_6_259"	"3319"	"K19"	"259"	"Donor-9-DM"
"25014_6_260"	"3319"	"K20"	"260"	"Donor-9-DM"
"25014_6_261"	"3319"	"K21"	"261"	"Donor-9-DM"
"25014_6_262"	"3319"	"K22"	"262"	"Donor-9-DM"
"25014_6_263"	"3319"	"K23"	"263"	"Donor-9-DM"
"25014_6_264"	"3319"	"K24"	"264"	"Donor-9-DM"
"25014_6_265"	"3319"	"L01"	"265"	"Donor-9-EM"
"25014_6_266"	"3319"	"L02"	"266"	"Donor-9-EM"
"25014_6_267"	"3319"	"L03"	"267"	"Donor-9-EM"
"25014_6_268"	"3319"	"L04"	"268"	"Donor-9-EM"
"25014_6_269"	"3319"	"L05"	"269"	"Donor-9-EM"
"25014_6_270"	"3319"	"L06"	"270"	"Donor-9-EM"
"25014_6_271"	"3319"	"L07"	"271"	"Donor-9-EM"
"25014_6_272"	"3319"	"L08"	"272"	"Donor-9-EM"
"25014_6_273"	"3319"	"L09"	"273"	"Donor-9-EM"
"25014_6_274"	"3319"	"L10"	"274"	"Donor-9-EM"
"25014_6_275"	"3319"	"L11"	"275"	"Donor-9-EM"
"25014_6_276"	"3319"	"L12"	"276"	"Donor-9-EM"
"25014_6_277"	"3319"	"L13"	"277"	"Donor-9-DM"
"25014_6_278"	"3319"	"L14"	"278"	"Donor-9-DM"
"25014_6_279"	"3319"	"L15"	"279"	"Donor-9-DM"
"25014_6_280"	"3319"	"L16"	"280"	"Donor-9-DM"
"25014_6_281"	"3319"	"L17"	"281"	"Donor-9-DM"
"25014_6_282"	"3319"	"L18"	"282"	"Donor-9-DM"
"25014_6_283"	"3319"	"L19"	"283"	"Donor-9-DM"
"25014_6_284"	"3319"	"L20"	"284"	"Donor-9-DM"
"25014_6_285"	"3319"	"L21"	"285"	"Donor-9-DM"
"25014_6_286"	"3319"	"L22"	"286"	"Donor-9-DM"
"25014_6_287"	"3319"	"L23"	"287"	"Donor-9-DM"
"25014_6_288"	"3319"	"L24"	"288"	"Donor-9-DM"
"25014_6_289"	"3319"	"M01"	"289"	"Donor-9-EM"
"25014_6_290"	"3319"	"M02"	"290"	"Donor-9-EM"
"25014_6_291"	"3319"	"M03"	"291"	"Donor-9-EM"
"25014_6_292"	"3319"	"M04"	"292"	"Donor-9-EM"
"25014_6_293"	"3319"	"M05"	"293"	"Donor-9-EM"
"25014_6_294"	"3319"	"M06"	"294"	"Donor-9-EM"
"25014_6_295"	"3319"	"M07"	"295"	"Donor-9-EM"
"25014_6_296"	"3319"	"M08"	"296"	"Donor-9-EM"
"25014_6_297"	"3319"	"M09"	"297"	"Donor-9-EM"
"25014_6_298"	"3319"	"M10"	"298"	"Donor-9-EM"
"25014_6_299"	"3319"	"M11"	"299"	"Donor-9-EM"
"25014_6_300"	"3319"	"M12"	"300"	"Donor-9-EM"
"25014_6_301"	"3319"	"M13"	"301"	"Donor-9-DM"
"25014_6_302"	"3319"	"M14"	"302"	"Donor-9-DM"
"25014_6_303"	"3319"	"M15"	"303"	"Donor-9-DM"
"25014_6_304"	"3319"	"M16"	"304"	"Donor-9-DM"
"25014_6_305"	"3319"	"M17"	"305"	"Donor-9-DM"
"25014_6_306"	"3319"	"M18"	"306"	"Donor-9-DM"
"25014_6_307"	"3319"	"M19"	"307"	"Donor-9-DM"
"25014_6_308"	"3319"	"M20"	"308"	"Donor-9-DM"
"25014_6_309"	"3319"	"M21"	"309"	"Donor-9-DM"
"25014_6_310"	"3319"	"M22"	"310"	"Donor-9-DM"
"25014_6_311"	"3319"	"M23"	"311"	"Donor-9-DM"
"25014_6_312"	"3319"	"M24"	"312"	"Donor-9-DM"
"25014_6_313"	"3319"	"N01"	"313"	"Donor-9-EM"
"25014_6_314"	"3319"	"N02"	"314"	"Donor-9-EM"
"25014_6_315"	"3319"	"N03"	"315"	"Donor-9-EM"
"25014_6_316"	"3319"	"N04"	"316"	"Donor-9-EM"
"25014_6_317"	"3319"	"N05"	"317"	"Donor-9-EM"
"25014_6_318"	"3319"	"N06"	"318"	"Donor-9-EM"
"25014_6_319"	"3319"	"N07"	"319"	"Donor-9-EM"
"25014_6_320"	"3319"	"N08"	"320"	"Donor-9-EM"
"25014_6_321"	"3319"	"N09"	"321"	"Donor-9-EM"
"25014_6_322"	"3319"	"N10"	"322"	"Donor-9-EM"
"25014_6_323"	"3319"	"N11"	"323"	"Donor-9-EM"
"25014_6_324"	"3319"	"N12"	"324"	"Donor-9-EM"
"25014_6_325"	"3319"	"N13"	"325"	"Donor-9-DM"
"25014_6_326"	"3319"	"N14"	"326"	"Donor-9-DM"
"25014_6_327"	"3319"	"N15"	"327"	"Donor-9-DM"
"25014_6_328"	"3319"	"N16"	"328"	"Donor-9-DM"
"25014_6_329"	"3319"	"N17"	"329"	"Donor-9-DM"
"25014_6_330"	"3319"	"N18"	"330"	"Donor-9-DM"
"25014_6_331"	"3319"	"N19"	"331"	"Donor-9-DM"
"25014_6_332"	"3319"	"N20"	"332"	"Donor-9-DM"
"25014_6_333"	"3319"	"N21"	"333"	"Donor-9-DM"
"25014_6_334"	"3319"	"N22"	"334"	"Donor-9-DM"
"25014_6_335"	"3319"	"N23"	"335"	"Donor-9-DM"
"25014_6_336"	"3319"	"N24"	"336"	"Donor-9-DM"
"25014_6_337"	"3319"	"O01"	"337"	"Donor-9-EM"
"25014_6_338"	"3319"	"O02"	"338"	"Donor-9-EM"
"25014_6_339"	"3319"	"O03"	"339"	"Donor-9-EM"
"25014_6_340"	"3319"	"O04"	"340"	"Donor-9-EM"
"25014_6_341"	"3319"	"O05"	"341"	"Donor-9-EM"
"25014_6_342"	"3319"	"O06"	"342"	"Donor-9-EM"
"25014_6_343"	"3319"	"O07"	"343"	"Donor-9-EM"
"25014_6_344"	"3319"	"O08"	"344"	"Donor-9-EM"
"25014_6_345"	"3319"	"O09"	"345"	"Donor-9-EM"
"25014_6_346"	"3319"	"O10"	"346"	"Donor-9-EM"
"25014_6_347"	"3319"	"O11"	"347"	"Donor-9-EM"
"25014_6_348"	"3319"	"O12"	"348"	"Donor-9-EM"
"25014_6_349"	"3319"	"O13"	"349"	"Donor-9-DM"
"25014_6_350"	"3319"	"O14"	"350"	"Donor-9-DM"
"25014_6_351"	"3319"	"O15"	"351"	"Donor-9-DM"
"25014_6_352"	"3319"	"O16"	"352"	"Donor-9-DM"
"25014_6_353"	"3319"	"O17"	"353"	"Donor-9-DM"
"25014_6_354"	"3319"	"O18"	"354"	"Donor-9-DM"
"25014_6_355"	"3319"	"O19"	"355"	"Donor-9-DM"
"25014_6_356"	"3319"	"O20"	"356"	"Donor-9-DM"
"25014_6_357"	"3319"	"O21"	"357"	"Donor-9-DM"
"25014_6_358"	"3319"	"O22"	"358"	"Donor-9-DM"
"25014_6_359"	"3319"	"O23"	"359"	"Donor-9-DM"
"25014_6_360"	"3319"	"O24"	"360"	"Donor-9-DM"
"25014_6_361"	"3319"	"P01"	"361"	"Donor-9-EM"
"25014_6_362"	"3319"	"P02"	"362"	"Donor-9-EM"
"25014_6_363"	"3319"	"P03"	"363"	"Donor-9-EM"
"25014_6_364"	"3319"	"P04"	"364"	"Donor-9-EM"
"25014_6_365"	"3319"	"P05"	"365"	"Donor-9-EM"
"25014_6_366"	"3319"	"P06"	"366"	"Donor-9-EM"
"25014_6_367"	"3319"	"P07"	"367"	"Donor-9-EM"
"25014_6_368"	"3319"	"P08"	"368"	"Donor-9-EM"
"25014_6_369"	"3319"	"P09"	"369"	"Donor-9-EM"
"25014_6_370"	"3319"	"P10"	"370"	"Donor-9-EM"
"25014_6_371"	"3319"	"P11"	"371"	"Donor-9-EM"
"25014_6_372"	"3319"	"P12"	"372"	"Donor-9-EM"
"25014_6_373"	"3319"	"P13"	"373"	"Donor-9-DM"
"25014_6_374"	"3319"	"P14"	"374"	"Donor-9-DM"
"25014_6_375"	"3319"	"P15"	"375"	"Donor-9-DM"
"25014_6_376"	"3319"	"P16"	"376"	"Donor-9-DM"
"25014_6_377"	"3319"	"P17"	"377"	"Donor-9-DM"
"25014_6_378"	"3319"	"P18"	"378"	"Donor-9-DM"
"25014_6_379"	"3319"	"P19"	"379"	"Donor-9-DM"
"25014_6_380"	"3319"	"P20"	"380"	"Donor-9-DM"
"25014_6_381"	"3319"	"P21"	"381"	"no cells"
"25014_6_382"	"3319"	"P22"	"382"	"no cells"
"25014_6_383"	"3319"	"P23"	"383"	"no cells"
"25014_6_384"	"3319"	"P24"	"384"	"no cells"
